WARNING:tensorflow:Estimator's model_fn (<function model_fn at 0x7f063e510378>) includes params argument, but params are not passed to Estimator.
2019-04-17 04:14:00.964345: W tensorflow/core/distributed_runtime/rpc/grpc_session.cc:354] GrpcSession::ListDevices will initialize the session with an empty graph and other defaults because the session has not yet been created.
WARNING:tensorflow:From /usr/local/lib/python3.5/dist-packages/tensorflow/python/ops/resource_variable_ops.py:435: colocate_with (from tensorflow.python.framework.ops) is deprecated and will be removed in a future version.
Instructions for updating:
Colocations handled automatically by placer.
WARNING:tensorflow:From /usr/local/lib/python3.5/dist-packages/tensorflow/python/ops/losses/losses_impl.py:209: to_float (from tensorflow.python.ops.math_ops) is deprecated and will be removed in a future version.
Instructions for updating:
Use tf.cast instead.
WARNING:tensorflow:From /usr/local/lib/python3.5/dist-packages/tensorflow/python/ops/math_ops.py:3066: to_int32 (from tensorflow.python.ops.math_ops) is deprecated and will be removed in a future version.
Instructions for updating:
Use tf.cast instead.
WARNING:tensorflow:From /usr/local/lib/python3.5/dist-packages/tensorflow/python/ops/math_grad.py:102: div (from tensorflow.python.ops.math_ops) is deprecated and will be removed in a future version.
Instructions for updating:
Deprecated in favor of operator or tf.math.divide.
2019-04-17 04:14:10.544430: W tensorflow/core/distributed_runtime/rpc/grpc_session.cc:354] GrpcSession::ListDevices will initialize the session with an empty graph and other defaults because the session has not yet been created.
WARNING:tensorflow:From /usr/local/lib/python3.5/dist-packages/tensorflow/python/training/saver.py:1266: checkpoint_exists (from tensorflow.python.training.checkpoint_management) is deprecated and will be removed in a future version.
Instructions for updating:
Use standard file APIs to check for files with this prefix.
Using TPU: infer2
learning rate: 0.0001
warmup: 3
weight decay: 0.01
*********** I have started the training ***********
*********** I have finished the training ***********

Evaluation results:
	{'accuracy': 0.1, 'loss': 2878.2603, 'global_step': 2910}

WARNING:tensorflow:Estimator's model_fn (<function model_fn at 0x7f8f7c418378>) includes params argument, but params are not passed to Estimator.
2019-04-17 04:15:31.727062: W tensorflow/core/distributed_runtime/rpc/grpc_session.cc:354] GrpcSession::ListDevices will initialize the session with an empty graph and other defaults because the session has not yet been created.
WARNING:tensorflow:From /usr/local/lib/python3.5/dist-packages/tensorflow/python/ops/resource_variable_ops.py:435: colocate_with (from tensorflow.python.framework.ops) is deprecated and will be removed in a future version.
Instructions for updating:
Colocations handled automatically by placer.
WARNING:tensorflow:From /usr/local/lib/python3.5/dist-packages/tensorflow/python/ops/losses/losses_impl.py:209: to_float (from tensorflow.python.ops.math_ops) is deprecated and will be removed in a future version.
Instructions for updating:
Use tf.cast instead.
WARNING:tensorflow:From /usr/local/lib/python3.5/dist-packages/tensorflow/python/ops/math_ops.py:3066: to_int32 (from tensorflow.python.ops.math_ops) is deprecated and will be removed in a future version.
Instructions for updating:
Use tf.cast instead.
WARNING:tensorflow:From /usr/local/lib/python3.5/dist-packages/tensorflow/python/ops/math_grad.py:102: div (from tensorflow.python.ops.math_ops) is deprecated and will be removed in a future version.
Instructions for updating:
Deprecated in favor of operator or tf.math.divide.
2019-04-17 04:15:42.305843: W tensorflow/core/distributed_runtime/rpc/grpc_session.cc:354] GrpcSession::ListDevices will initialize the session with an empty graph and other defaults because the session has not yet been created.
WARNING:tensorflow:From /usr/local/lib/python3.5/dist-packages/tensorflow/python/training/saver.py:1266: checkpoint_exists (from tensorflow.python.training.checkpoint_management) is deprecated and will be removed in a future version.
Instructions for updating:
Use standard file APIs to check for files with this prefix.
Using TPU: infer2
learning rate: 0.0005
warmup: 3
weight decay: 0.01
*********** I have started the training ***********
*********** I have finished the training ***********

Evaluation results:
	{'global_step': 2910, 'accuracy': 0.4284, 'loss': 2251.9897}

WARNING:tensorflow:Estimator's model_fn (<function model_fn at 0x7f9e99b7e378>) includes params argument, but params are not passed to Estimator.
2019-04-17 04:17:17.829847: W tensorflow/core/distributed_runtime/rpc/grpc_session.cc:354] GrpcSession::ListDevices will initialize the session with an empty graph and other defaults because the session has not yet been created.
WARNING:tensorflow:From /usr/local/lib/python3.5/dist-packages/tensorflow/python/ops/resource_variable_ops.py:435: colocate_with (from tensorflow.python.framework.ops) is deprecated and will be removed in a future version.
Instructions for updating:
Colocations handled automatically by placer.
WARNING:tensorflow:From /usr/local/lib/python3.5/dist-packages/tensorflow/python/ops/losses/losses_impl.py:209: to_float (from tensorflow.python.ops.math_ops) is deprecated and will be removed in a future version.
Instructions for updating:
Use tf.cast instead.
WARNING:tensorflow:From /usr/local/lib/python3.5/dist-packages/tensorflow/python/ops/math_ops.py:3066: to_int32 (from tensorflow.python.ops.math_ops) is deprecated and will be removed in a future version.
Instructions for updating:
Use tf.cast instead.
WARNING:tensorflow:From /usr/local/lib/python3.5/dist-packages/tensorflow/python/ops/math_grad.py:102: div (from tensorflow.python.ops.math_ops) is deprecated and will be removed in a future version.
Instructions for updating:
Deprecated in favor of operator or tf.math.divide.
2019-04-17 04:17:27.869814: W tensorflow/core/distributed_runtime/rpc/grpc_session.cc:354] GrpcSession::ListDevices will initialize the session with an empty graph and other defaults because the session has not yet been created.
WARNING:tensorflow:From /usr/local/lib/python3.5/dist-packages/tensorflow/python/training/saver.py:1266: checkpoint_exists (from tensorflow.python.training.checkpoint_management) is deprecated and will be removed in a future version.
Instructions for updating:
Use standard file APIs to check for files with this prefix.
Using TPU: infer2
learning rate: 0.001
warmup: 3
weight decay: 0.01
*********** I have started the training ***********
*********** I have finished the training ***********

Evaluation results:
	{'accuracy': 0.5367, 'global_step': 2910, 'loss': 1963.5472}

WARNING:tensorflow:Estimator's model_fn (<function model_fn at 0x7f64e733c378>) includes params argument, but params are not passed to Estimator.
2019-04-17 04:19:05.051120: W tensorflow/core/distributed_runtime/rpc/grpc_session.cc:354] GrpcSession::ListDevices will initialize the session with an empty graph and other defaults because the session has not yet been created.
WARNING:tensorflow:From /usr/local/lib/python3.5/dist-packages/tensorflow/python/ops/resource_variable_ops.py:435: colocate_with (from tensorflow.python.framework.ops) is deprecated and will be removed in a future version.
Instructions for updating:
Colocations handled automatically by placer.
WARNING:tensorflow:From /usr/local/lib/python3.5/dist-packages/tensorflow/python/ops/losses/losses_impl.py:209: to_float (from tensorflow.python.ops.math_ops) is deprecated and will be removed in a future version.
Instructions for updating:
Use tf.cast instead.
WARNING:tensorflow:From /usr/local/lib/python3.5/dist-packages/tensorflow/python/ops/math_ops.py:3066: to_int32 (from tensorflow.python.ops.math_ops) is deprecated and will be removed in a future version.
Instructions for updating:
Use tf.cast instead.
WARNING:tensorflow:From /usr/local/lib/python3.5/dist-packages/tensorflow/python/ops/math_grad.py:102: div (from tensorflow.python.ops.math_ops) is deprecated and will be removed in a future version.
Instructions for updating:
Deprecated in favor of operator or tf.math.divide.
2019-04-17 04:19:15.614666: W tensorflow/core/distributed_runtime/rpc/grpc_session.cc:354] GrpcSession::ListDevices will initialize the session with an empty graph and other defaults because the session has not yet been created.
WARNING:tensorflow:From /usr/local/lib/python3.5/dist-packages/tensorflow/python/training/saver.py:1266: checkpoint_exists (from tensorflow.python.training.checkpoint_management) is deprecated and will be removed in a future version.
Instructions for updating:
Use standard file APIs to check for files with this prefix.
Using TPU: infer2
learning rate: 0.002
warmup: 3
weight decay: 0.01
*********** I have started the training ***********
*********** I have finished the training ***********

Evaluation results:
	{'loss': 1490.9742, 'accuracy': 0.5896, 'global_step': 2910}

WARNING:tensorflow:Estimator's model_fn (<function model_fn at 0x7f1b96158378>) includes params argument, but params are not passed to Estimator.
2019-04-17 04:20:52.048466: W tensorflow/core/distributed_runtime/rpc/grpc_session.cc:354] GrpcSession::ListDevices will initialize the session with an empty graph and other defaults because the session has not yet been created.
WARNING:tensorflow:From /usr/local/lib/python3.5/dist-packages/tensorflow/python/ops/resource_variable_ops.py:435: colocate_with (from tensorflow.python.framework.ops) is deprecated and will be removed in a future version.
Instructions for updating:
Colocations handled automatically by placer.
WARNING:tensorflow:From /usr/local/lib/python3.5/dist-packages/tensorflow/python/ops/losses/losses_impl.py:209: to_float (from tensorflow.python.ops.math_ops) is deprecated and will be removed in a future version.
Instructions for updating:
Use tf.cast instead.
WARNING:tensorflow:From /usr/local/lib/python3.5/dist-packages/tensorflow/python/ops/math_ops.py:3066: to_int32 (from tensorflow.python.ops.math_ops) is deprecated and will be removed in a future version.
Instructions for updating:
Use tf.cast instead.
WARNING:tensorflow:From /usr/local/lib/python3.5/dist-packages/tensorflow/python/ops/math_grad.py:102: div (from tensorflow.python.ops.math_ops) is deprecated and will be removed in a future version.
Instructions for updating:
Deprecated in favor of operator or tf.math.divide.
2019-04-17 04:21:01.817669: W tensorflow/core/distributed_runtime/rpc/grpc_session.cc:354] GrpcSession::ListDevices will initialize the session with an empty graph and other defaults because the session has not yet been created.
WARNING:tensorflow:From /usr/local/lib/python3.5/dist-packages/tensorflow/python/training/saver.py:1266: checkpoint_exists (from tensorflow.python.training.checkpoint_management) is deprecated and will be removed in a future version.
Instructions for updating:
Use standard file APIs to check for files with this prefix.
Using TPU: infer2
learning rate: 0.003
warmup: 3
weight decay: 0.01
*********** I have started the training ***********
*********** I have finished the training ***********

Evaluation results:
	{'loss': 1929.3096, 'accuracy': 0.4978, 'global_step': 2910}

WARNING:tensorflow:Estimator's model_fn (<function model_fn at 0x7fde62b53378>) includes params argument, but params are not passed to Estimator.
2019-04-17 04:22:41.372701: W tensorflow/core/distributed_runtime/rpc/grpc_session.cc:354] GrpcSession::ListDevices will initialize the session with an empty graph and other defaults because the session has not yet been created.
WARNING:tensorflow:From /usr/local/lib/python3.5/dist-packages/tensorflow/python/ops/resource_variable_ops.py:435: colocate_with (from tensorflow.python.framework.ops) is deprecated and will be removed in a future version.
Instructions for updating:
Colocations handled automatically by placer.
WARNING:tensorflow:From /usr/local/lib/python3.5/dist-packages/tensorflow/python/ops/losses/losses_impl.py:209: to_float (from tensorflow.python.ops.math_ops) is deprecated and will be removed in a future version.
Instructions for updating:
Use tf.cast instead.
WARNING:tensorflow:From /usr/local/lib/python3.5/dist-packages/tensorflow/python/ops/math_ops.py:3066: to_int32 (from tensorflow.python.ops.math_ops) is deprecated and will be removed in a future version.
Instructions for updating:
Use tf.cast instead.
WARNING:tensorflow:From /usr/local/lib/python3.5/dist-packages/tensorflow/python/ops/math_grad.py:102: div (from tensorflow.python.ops.math_ops) is deprecated and will be removed in a future version.
Instructions for updating:
Deprecated in favor of operator or tf.math.divide.
2019-04-17 04:22:51.060210: W tensorflow/core/distributed_runtime/rpc/grpc_session.cc:354] GrpcSession::ListDevices will initialize the session with an empty graph and other defaults because the session has not yet been created.
WARNING:tensorflow:From /usr/local/lib/python3.5/dist-packages/tensorflow/python/training/saver.py:1266: checkpoint_exists (from tensorflow.python.training.checkpoint_management) is deprecated and will be removed in a future version.
Instructions for updating:
Use standard file APIs to check for files with this prefix.
Using TPU: infer2
learning rate: 0.004
warmup: 3
weight decay: 0.01
*********** I have started the training ***********
*********** I have finished the training ***********

Evaluation results:
	{'accuracy': 0.6688, 'global_step': 2910, 'loss': 1215.5325}

WARNING:tensorflow:Estimator's model_fn (<function model_fn at 0x7fbbabb46378>) includes params argument, but params are not passed to Estimator.
2019-04-17 04:24:28.966433: W tensorflow/core/distributed_runtime/rpc/grpc_session.cc:354] GrpcSession::ListDevices will initialize the session with an empty graph and other defaults because the session has not yet been created.
WARNING:tensorflow:From /usr/local/lib/python3.5/dist-packages/tensorflow/python/ops/resource_variable_ops.py:435: colocate_with (from tensorflow.python.framework.ops) is deprecated and will be removed in a future version.
Instructions for updating:
Colocations handled automatically by placer.
WARNING:tensorflow:From /usr/local/lib/python3.5/dist-packages/tensorflow/python/ops/losses/losses_impl.py:209: to_float (from tensorflow.python.ops.math_ops) is deprecated and will be removed in a future version.
Instructions for updating:
Use tf.cast instead.
WARNING:tensorflow:From /usr/local/lib/python3.5/dist-packages/tensorflow/python/ops/math_ops.py:3066: to_int32 (from tensorflow.python.ops.math_ops) is deprecated and will be removed in a future version.
Instructions for updating:
Use tf.cast instead.
WARNING:tensorflow:From /usr/local/lib/python3.5/dist-packages/tensorflow/python/ops/math_grad.py:102: div (from tensorflow.python.ops.math_ops) is deprecated and will be removed in a future version.
Instructions for updating:
Deprecated in favor of operator or tf.math.divide.
2019-04-17 04:24:38.957772: W tensorflow/core/distributed_runtime/rpc/grpc_session.cc:354] GrpcSession::ListDevices will initialize the session with an empty graph and other defaults because the session has not yet been created.
WARNING:tensorflow:From /usr/local/lib/python3.5/dist-packages/tensorflow/python/training/saver.py:1266: checkpoint_exists (from tensorflow.python.training.checkpoint_management) is deprecated and will be removed in a future version.
Instructions for updating:
Use standard file APIs to check for files with this prefix.
Using TPU: infer2
learning rate: 0.005
warmup: 3
weight decay: 0.01
*********** I have started the training ***********
*********** I have finished the training ***********

Evaluation results:
	{'accuracy': 0.5749, 'loss': 1522.9514, 'global_step': 2910}

WARNING:tensorflow:Estimator's model_fn (<function model_fn at 0x7f0614bf2378>) includes params argument, but params are not passed to Estimator.
2019-04-17 04:26:16.175718: W tensorflow/core/distributed_runtime/rpc/grpc_session.cc:354] GrpcSession::ListDevices will initialize the session with an empty graph and other defaults because the session has not yet been created.
WARNING:tensorflow:From /usr/local/lib/python3.5/dist-packages/tensorflow/python/ops/resource_variable_ops.py:435: colocate_with (from tensorflow.python.framework.ops) is deprecated and will be removed in a future version.
Instructions for updating:
Colocations handled automatically by placer.
WARNING:tensorflow:From /usr/local/lib/python3.5/dist-packages/tensorflow/python/ops/losses/losses_impl.py:209: to_float (from tensorflow.python.ops.math_ops) is deprecated and will be removed in a future version.
Instructions for updating:
Use tf.cast instead.
WARNING:tensorflow:From /usr/local/lib/python3.5/dist-packages/tensorflow/python/ops/math_ops.py:3066: to_int32 (from tensorflow.python.ops.math_ops) is deprecated and will be removed in a future version.
Instructions for updating:
Use tf.cast instead.
WARNING:tensorflow:From /usr/local/lib/python3.5/dist-packages/tensorflow/python/ops/math_grad.py:102: div (from tensorflow.python.ops.math_ops) is deprecated and will be removed in a future version.
Instructions for updating:
Deprecated in favor of operator or tf.math.divide.
2019-04-17 04:26:25.695799: W tensorflow/core/distributed_runtime/rpc/grpc_session.cc:354] GrpcSession::ListDevices will initialize the session with an empty graph and other defaults because the session has not yet been created.
WARNING:tensorflow:From /usr/local/lib/python3.5/dist-packages/tensorflow/python/training/saver.py:1266: checkpoint_exists (from tensorflow.python.training.checkpoint_management) is deprecated and will be removed in a future version.
Instructions for updating:
Use standard file APIs to check for files with this prefix.
Using TPU: infer2
learning rate: 0.006
warmup: 3
weight decay: 0.01
*********** I have started the training ***********
*********** I have finished the training ***********

Evaluation results:
	{'global_step': 2910, 'accuracy': 0.6341, 'loss': 1272.6218}

WARNING:tensorflow:Estimator's model_fn (<function model_fn at 0x7fb5c2db4378>) includes params argument, but params are not passed to Estimator.
2019-04-17 04:28:02.338833: W tensorflow/core/distributed_runtime/rpc/grpc_session.cc:354] GrpcSession::ListDevices will initialize the session with an empty graph and other defaults because the session has not yet been created.
WARNING:tensorflow:From /usr/local/lib/python3.5/dist-packages/tensorflow/python/ops/resource_variable_ops.py:435: colocate_with (from tensorflow.python.framework.ops) is deprecated and will be removed in a future version.
Instructions for updating:
Colocations handled automatically by placer.
WARNING:tensorflow:From /usr/local/lib/python3.5/dist-packages/tensorflow/python/ops/losses/losses_impl.py:209: to_float (from tensorflow.python.ops.math_ops) is deprecated and will be removed in a future version.
Instructions for updating:
Use tf.cast instead.
WARNING:tensorflow:From /usr/local/lib/python3.5/dist-packages/tensorflow/python/ops/math_ops.py:3066: to_int32 (from tensorflow.python.ops.math_ops) is deprecated and will be removed in a future version.
Instructions for updating:
Use tf.cast instead.
WARNING:tensorflow:From /usr/local/lib/python3.5/dist-packages/tensorflow/python/ops/math_grad.py:102: div (from tensorflow.python.ops.math_ops) is deprecated and will be removed in a future version.
Instructions for updating:
Deprecated in favor of operator or tf.math.divide.
2019-04-17 04:28:12.036996: W tensorflow/core/distributed_runtime/rpc/grpc_session.cc:354] GrpcSession::ListDevices will initialize the session with an empty graph and other defaults because the session has not yet been created.
WARNING:tensorflow:From /usr/local/lib/python3.5/dist-packages/tensorflow/python/training/saver.py:1266: checkpoint_exists (from tensorflow.python.training.checkpoint_management) is deprecated and will be removed in a future version.
Instructions for updating:
Use standard file APIs to check for files with this prefix.
Using TPU: infer2
learning rate: 0.007
warmup: 3
weight decay: 0.01
*********** I have started the training ***********
*********** I have finished the training ***********

Evaluation results:
	{'accuracy': 0.5091, 'global_step': 2910, 'loss': 1861.1265}

WARNING:tensorflow:Estimator's model_fn (<function model_fn at 0x7fcf4f0ed378>) includes params argument, but params are not passed to Estimator.
2019-04-17 04:29:49.383918: W tensorflow/core/distributed_runtime/rpc/grpc_session.cc:354] GrpcSession::ListDevices will initialize the session with an empty graph and other defaults because the session has not yet been created.
WARNING:tensorflow:From /usr/local/lib/python3.5/dist-packages/tensorflow/python/ops/resource_variable_ops.py:435: colocate_with (from tensorflow.python.framework.ops) is deprecated and will be removed in a future version.
Instructions for updating:
Colocations handled automatically by placer.
WARNING:tensorflow:From /usr/local/lib/python3.5/dist-packages/tensorflow/python/ops/losses/losses_impl.py:209: to_float (from tensorflow.python.ops.math_ops) is deprecated and will be removed in a future version.
Instructions for updating:
Use tf.cast instead.
WARNING:tensorflow:From /usr/local/lib/python3.5/dist-packages/tensorflow/python/ops/math_ops.py:3066: to_int32 (from tensorflow.python.ops.math_ops) is deprecated and will be removed in a future version.
Instructions for updating:
Use tf.cast instead.
WARNING:tensorflow:From /usr/local/lib/python3.5/dist-packages/tensorflow/python/ops/math_grad.py:102: div (from tensorflow.python.ops.math_ops) is deprecated and will be removed in a future version.
Instructions for updating:
Deprecated in favor of operator or tf.math.divide.
2019-04-17 04:29:59.515392: W tensorflow/core/distributed_runtime/rpc/grpc_session.cc:354] GrpcSession::ListDevices will initialize the session with an empty graph and other defaults because the session has not yet been created.
WARNING:tensorflow:From /usr/local/lib/python3.5/dist-packages/tensorflow/python/training/saver.py:1266: checkpoint_exists (from tensorflow.python.training.checkpoint_management) is deprecated and will be removed in a future version.
Instructions for updating:
Use standard file APIs to check for files with this prefix.
Using TPU: infer2
learning rate: 0.008
warmup: 3
weight decay: 0.01
*********** I have started the training ***********
*********** I have finished the training ***********

Evaluation results:
	{'loss': 2019.446, 'accuracy': 0.4389, 'global_step': 2910}

WARNING:tensorflow:Estimator's model_fn (<function model_fn at 0x7f3c73640378>) includes params argument, but params are not passed to Estimator.
2019-04-17 04:31:37.398327: W tensorflow/core/distributed_runtime/rpc/grpc_session.cc:354] GrpcSession::ListDevices will initialize the session with an empty graph and other defaults because the session has not yet been created.
WARNING:tensorflow:From /usr/local/lib/python3.5/dist-packages/tensorflow/python/ops/resource_variable_ops.py:435: colocate_with (from tensorflow.python.framework.ops) is deprecated and will be removed in a future version.
Instructions for updating:
Colocations handled automatically by placer.
WARNING:tensorflow:From /usr/local/lib/python3.5/dist-packages/tensorflow/python/ops/losses/losses_impl.py:209: to_float (from tensorflow.python.ops.math_ops) is deprecated and will be removed in a future version.
Instructions for updating:
Use tf.cast instead.
WARNING:tensorflow:From /usr/local/lib/python3.5/dist-packages/tensorflow/python/ops/math_ops.py:3066: to_int32 (from tensorflow.python.ops.math_ops) is deprecated and will be removed in a future version.
Instructions for updating:
Use tf.cast instead.
WARNING:tensorflow:From /usr/local/lib/python3.5/dist-packages/tensorflow/python/ops/math_grad.py:102: div (from tensorflow.python.ops.math_ops) is deprecated and will be removed in a future version.
Instructions for updating:
Deprecated in favor of operator or tf.math.divide.
2019-04-17 04:31:47.636821: W tensorflow/core/distributed_runtime/rpc/grpc_session.cc:354] GrpcSession::ListDevices will initialize the session with an empty graph and other defaults because the session has not yet been created.
WARNING:tensorflow:From /usr/local/lib/python3.5/dist-packages/tensorflow/python/training/saver.py:1266: checkpoint_exists (from tensorflow.python.training.checkpoint_management) is deprecated and will be removed in a future version.
Instructions for updating:
Use standard file APIs to check for files with this prefix.
Using TPU: infer2
learning rate: 0.009
warmup: 3
weight decay: 0.01
*********** I have started the training ***********
*********** I have finished the training ***********

Evaluation results:
	{'loss': 1300.6682, 'accuracy': 0.6382, 'global_step': 2910}

WARNING:tensorflow:Estimator's model_fn (<function model_fn at 0x7f9e20497378>) includes params argument, but params are not passed to Estimator.
2019-04-17 04:33:26.360991: W tensorflow/core/distributed_runtime/rpc/grpc_session.cc:354] GrpcSession::ListDevices will initialize the session with an empty graph and other defaults because the session has not yet been created.
WARNING:tensorflow:From /usr/local/lib/python3.5/dist-packages/tensorflow/python/ops/resource_variable_ops.py:435: colocate_with (from tensorflow.python.framework.ops) is deprecated and will be removed in a future version.
Instructions for updating:
Colocations handled automatically by placer.
WARNING:tensorflow:From /usr/local/lib/python3.5/dist-packages/tensorflow/python/ops/losses/losses_impl.py:209: to_float (from tensorflow.python.ops.math_ops) is deprecated and will be removed in a future version.
Instructions for updating:
Use tf.cast instead.
WARNING:tensorflow:From /usr/local/lib/python3.5/dist-packages/tensorflow/python/ops/math_ops.py:3066: to_int32 (from tensorflow.python.ops.math_ops) is deprecated and will be removed in a future version.
Instructions for updating:
Use tf.cast instead.
WARNING:tensorflow:From /usr/local/lib/python3.5/dist-packages/tensorflow/python/ops/math_grad.py:102: div (from tensorflow.python.ops.math_ops) is deprecated and will be removed in a future version.
Instructions for updating:
Deprecated in favor of operator or tf.math.divide.
2019-04-17 04:33:35.799762: W tensorflow/core/distributed_runtime/rpc/grpc_session.cc:354] GrpcSession::ListDevices will initialize the session with an empty graph and other defaults because the session has not yet been created.
WARNING:tensorflow:From /usr/local/lib/python3.5/dist-packages/tensorflow/python/training/saver.py:1266: checkpoint_exists (from tensorflow.python.training.checkpoint_management) is deprecated and will be removed in a future version.
Instructions for updating:
Use standard file APIs to check for files with this prefix.
Using TPU: infer2
learning rate: 0.01
warmup: 3
weight decay: 0.01
*********** I have started the training ***********
*********** I have finished the training ***********

Evaluation results:
	{'accuracy': 0.6194, 'loss': 1365.5364, 'global_step': 2910}

WARNING:tensorflow:Estimator's model_fn (<function model_fn at 0x7fdc161a0378>) includes params argument, but params are not passed to Estimator.
2019-04-17 04:57:02.716369: W tensorflow/core/distributed_runtime/rpc/grpc_session.cc:354] GrpcSession::ListDevices will initialize the session with an empty graph and other defaults because the session has not yet been created.
WARNING:tensorflow:From /usr/local/lib/python3.5/dist-packages/tensorflow/python/ops/resource_variable_ops.py:435: colocate_with (from tensorflow.python.framework.ops) is deprecated and will be removed in a future version.
Instructions for updating:
Colocations handled automatically by placer.
WARNING:tensorflow:From /usr/local/lib/python3.5/dist-packages/tensorflow/python/ops/losses/losses_impl.py:209: to_float (from tensorflow.python.ops.math_ops) is deprecated and will be removed in a future version.
Instructions for updating:
Use tf.cast instead.
WARNING:tensorflow:From /usr/local/lib/python3.5/dist-packages/tensorflow/python/ops/math_ops.py:3066: to_int32 (from tensorflow.python.ops.math_ops) is deprecated and will be removed in a future version.
Instructions for updating:
Use tf.cast instead.
WARNING:tensorflow:From /usr/local/lib/python3.5/dist-packages/tensorflow/python/ops/math_grad.py:102: div (from tensorflow.python.ops.math_ops) is deprecated and will be removed in a future version.
Instructions for updating:
Deprecated in favor of operator or tf.math.divide.
2019-04-17 04:57:12.804137: W tensorflow/core/distributed_runtime/rpc/grpc_session.cc:354] GrpcSession::ListDevices will initialize the session with an empty graph and other defaults because the session has not yet been created.
WARNING:tensorflow:From /usr/local/lib/python3.5/dist-packages/tensorflow/python/training/saver.py:1266: checkpoint_exists (from tensorflow.python.training.checkpoint_management) is deprecated and will be removed in a future version.
Instructions for updating:
Use standard file APIs to check for files with this prefix.
Using TPU: infer2
learning_rate: 0.0001
warmup: 3
weight_decay: 0.0001
*********** I have started the training ***********
*********** I have finished the training ***********

Evaluation results:
	{'global_step': 2910, 'loss': 630.8189, 'accuracy': 0.8383}

WARNING:tensorflow:Estimator's model_fn (<function model_fn at 0x7fcf86e93378>) includes params argument, but params are not passed to Estimator.
2019-04-17 04:58:39.862861: W tensorflow/core/distributed_runtime/rpc/grpc_session.cc:354] GrpcSession::ListDevices will initialize the session with an empty graph and other defaults because the session has not yet been created.
WARNING:tensorflow:From /usr/local/lib/python3.5/dist-packages/tensorflow/python/ops/resource_variable_ops.py:435: colocate_with (from tensorflow.python.framework.ops) is deprecated and will be removed in a future version.
Instructions for updating:
Colocations handled automatically by placer.
WARNING:tensorflow:From /usr/local/lib/python3.5/dist-packages/tensorflow/python/ops/losses/losses_impl.py:209: to_float (from tensorflow.python.ops.math_ops) is deprecated and will be removed in a future version.
Instructions for updating:
Use tf.cast instead.
WARNING:tensorflow:From /usr/local/lib/python3.5/dist-packages/tensorflow/python/ops/math_ops.py:3066: to_int32 (from tensorflow.python.ops.math_ops) is deprecated and will be removed in a future version.
Instructions for updating:
Use tf.cast instead.
WARNING:tensorflow:From /usr/local/lib/python3.5/dist-packages/tensorflow/python/ops/math_grad.py:102: div (from tensorflow.python.ops.math_ops) is deprecated and will be removed in a future version.
Instructions for updating:
Deprecated in favor of operator or tf.math.divide.
2019-04-17 04:58:49.569891: W tensorflow/core/distributed_runtime/rpc/grpc_session.cc:354] GrpcSession::ListDevices will initialize the session with an empty graph and other defaults because the session has not yet been created.
WARNING:tensorflow:From /usr/local/lib/python3.5/dist-packages/tensorflow/python/training/saver.py:1266: checkpoint_exists (from tensorflow.python.training.checkpoint_management) is deprecated and will be removed in a future version.
Instructions for updating:
Use standard file APIs to check for files with this prefix.
Using TPU: infer2
learning_rate: 0.0005
warmup: 3
weight_decay: 0.0001
*********** I have started the training ***********
*********** I have finished the training ***********

Evaluation results:
	{'accuracy': 0.8812, 'loss': 462.47693, 'global_step': 2910}

WARNING:tensorflow:Estimator's model_fn (<function model_fn at 0x7fb0db6a0378>) includes params argument, but params are not passed to Estimator.
2019-04-17 05:00:25.727859: W tensorflow/core/distributed_runtime/rpc/grpc_session.cc:354] GrpcSession::ListDevices will initialize the session with an empty graph and other defaults because the session has not yet been created.
WARNING:tensorflow:From /usr/local/lib/python3.5/dist-packages/tensorflow/python/ops/resource_variable_ops.py:435: colocate_with (from tensorflow.python.framework.ops) is deprecated and will be removed in a future version.
Instructions for updating:
Colocations handled automatically by placer.
WARNING:tensorflow:From /usr/local/lib/python3.5/dist-packages/tensorflow/python/ops/losses/losses_impl.py:209: to_float (from tensorflow.python.ops.math_ops) is deprecated and will be removed in a future version.
Instructions for updating:
Use tf.cast instead.
WARNING:tensorflow:From /usr/local/lib/python3.5/dist-packages/tensorflow/python/ops/math_ops.py:3066: to_int32 (from tensorflow.python.ops.math_ops) is deprecated and will be removed in a future version.
Instructions for updating:
Use tf.cast instead.
WARNING:tensorflow:From /usr/local/lib/python3.5/dist-packages/tensorflow/python/ops/math_grad.py:102: div (from tensorflow.python.ops.math_ops) is deprecated and will be removed in a future version.
Instructions for updating:
Deprecated in favor of operator or tf.math.divide.
2019-04-17 05:00:35.953566: W tensorflow/core/distributed_runtime/rpc/grpc_session.cc:354] GrpcSession::ListDevices will initialize the session with an empty graph and other defaults because the session has not yet been created.
WARNING:tensorflow:From /usr/local/lib/python3.5/dist-packages/tensorflow/python/training/saver.py:1266: checkpoint_exists (from tensorflow.python.training.checkpoint_management) is deprecated and will be removed in a future version.
Instructions for updating:
Use standard file APIs to check for files with this prefix.
Using TPU: infer2
learning_rate: 0.001
warmup: 3
weight_decay: 0.0001
*********** I have started the training ***********
*********** I have finished the training ***********

Evaluation results:
	{'global_step': 2910, 'accuracy': 0.8902, 'loss': 463.5117}

WARNING:tensorflow:Estimator's model_fn (<function model_fn at 0x7f3536e51378>) includes params argument, but params are not passed to Estimator.
2019-04-17 05:02:13.767785: W tensorflow/core/distributed_runtime/rpc/grpc_session.cc:354] GrpcSession::ListDevices will initialize the session with an empty graph and other defaults because the session has not yet been created.
WARNING:tensorflow:From /usr/local/lib/python3.5/dist-packages/tensorflow/python/ops/resource_variable_ops.py:435: colocate_with (from tensorflow.python.framework.ops) is deprecated and will be removed in a future version.
Instructions for updating:
Colocations handled automatically by placer.
WARNING:tensorflow:From /usr/local/lib/python3.5/dist-packages/tensorflow/python/ops/losses/losses_impl.py:209: to_float (from tensorflow.python.ops.math_ops) is deprecated and will be removed in a future version.
Instructions for updating:
Use tf.cast instead.
WARNING:tensorflow:From /usr/local/lib/python3.5/dist-packages/tensorflow/python/ops/math_ops.py:3066: to_int32 (from tensorflow.python.ops.math_ops) is deprecated and will be removed in a future version.
Instructions for updating:
Use tf.cast instead.
WARNING:tensorflow:From /usr/local/lib/python3.5/dist-packages/tensorflow/python/ops/math_grad.py:102: div (from tensorflow.python.ops.math_ops) is deprecated and will be removed in a future version.
Instructions for updating:
Deprecated in favor of operator or tf.math.divide.
2019-04-17 05:02:24.541501: W tensorflow/core/distributed_runtime/rpc/grpc_session.cc:354] GrpcSession::ListDevices will initialize the session with an empty graph and other defaults because the session has not yet been created.
WARNING:tensorflow:From /usr/local/lib/python3.5/dist-packages/tensorflow/python/training/saver.py:1266: checkpoint_exists (from tensorflow.python.training.checkpoint_management) is deprecated and will be removed in a future version.
Instructions for updating:
Use standard file APIs to check for files with this prefix.
Using TPU: infer2
learning_rate: 0.002
warmup: 3
weight_decay: 0.0001
*********** I have started the training ***********
*********** I have finished the training ***********

Evaluation results:
	{'loss': 489.11813, 'accuracy': 0.8976, 'global_step': 2910}

WARNING:tensorflow:Estimator's model_fn (<function model_fn at 0x7f19e735a378>) includes params argument, but params are not passed to Estimator.
2019-04-17 05:04:00.919551: W tensorflow/core/distributed_runtime/rpc/grpc_session.cc:354] GrpcSession::ListDevices will initialize the session with an empty graph and other defaults because the session has not yet been created.
WARNING:tensorflow:From /usr/local/lib/python3.5/dist-packages/tensorflow/python/ops/resource_variable_ops.py:435: colocate_with (from tensorflow.python.framework.ops) is deprecated and will be removed in a future version.
Instructions for updating:
Colocations handled automatically by placer.
WARNING:tensorflow:From /usr/local/lib/python3.5/dist-packages/tensorflow/python/ops/losses/losses_impl.py:209: to_float (from tensorflow.python.ops.math_ops) is deprecated and will be removed in a future version.
Instructions for updating:
Use tf.cast instead.
WARNING:tensorflow:From /usr/local/lib/python3.5/dist-packages/tensorflow/python/ops/math_ops.py:3066: to_int32 (from tensorflow.python.ops.math_ops) is deprecated and will be removed in a future version.
Instructions for updating:
Use tf.cast instead.
WARNING:tensorflow:From /usr/local/lib/python3.5/dist-packages/tensorflow/python/ops/math_grad.py:102: div (from tensorflow.python.ops.math_ops) is deprecated and will be removed in a future version.
Instructions for updating:
Deprecated in favor of operator or tf.math.divide.
2019-04-17 05:04:11.270866: W tensorflow/core/distributed_runtime/rpc/grpc_session.cc:354] GrpcSession::ListDevices will initialize the session with an empty graph and other defaults because the session has not yet been created.
WARNING:tensorflow:From /usr/local/lib/python3.5/dist-packages/tensorflow/python/training/saver.py:1266: checkpoint_exists (from tensorflow.python.training.checkpoint_management) is deprecated and will be removed in a future version.
Instructions for updating:
Use standard file APIs to check for files with this prefix.
Using TPU: infer2
learning_rate: 0.003
warmup: 3
weight_decay: 0.0001
*********** I have started the training ***********
*********** I have finished the training ***********

Evaluation results:
	{'accuracy': 0.8731, 'loss': 559.4695, 'global_step': 2910}

WARNING:tensorflow:Estimator's model_fn (<function model_fn at 0x7f0ea3fa1378>) includes params argument, but params are not passed to Estimator.
2019-04-17 05:05:49.025657: W tensorflow/core/distributed_runtime/rpc/grpc_session.cc:354] GrpcSession::ListDevices will initialize the session with an empty graph and other defaults because the session has not yet been created.
WARNING:tensorflow:From /usr/local/lib/python3.5/dist-packages/tensorflow/python/ops/resource_variable_ops.py:435: colocate_with (from tensorflow.python.framework.ops) is deprecated and will be removed in a future version.
Instructions for updating:
Colocations handled automatically by placer.
WARNING:tensorflow:From /usr/local/lib/python3.5/dist-packages/tensorflow/python/ops/losses/losses_impl.py:209: to_float (from tensorflow.python.ops.math_ops) is deprecated and will be removed in a future version.
Instructions for updating:
Use tf.cast instead.
WARNING:tensorflow:From /usr/local/lib/python3.5/dist-packages/tensorflow/python/ops/math_ops.py:3066: to_int32 (from tensorflow.python.ops.math_ops) is deprecated and will be removed in a future version.
Instructions for updating:
Use tf.cast instead.
WARNING:tensorflow:From /usr/local/lib/python3.5/dist-packages/tensorflow/python/ops/math_grad.py:102: div (from tensorflow.python.ops.math_ops) is deprecated and will be removed in a future version.
Instructions for updating:
Deprecated in favor of operator or tf.math.divide.
2019-04-17 05:05:58.463278: W tensorflow/core/distributed_runtime/rpc/grpc_session.cc:354] GrpcSession::ListDevices will initialize the session with an empty graph and other defaults because the session has not yet been created.
WARNING:tensorflow:From /usr/local/lib/python3.5/dist-packages/tensorflow/python/training/saver.py:1266: checkpoint_exists (from tensorflow.python.training.checkpoint_management) is deprecated and will be removed in a future version.
Instructions for updating:
Use standard file APIs to check for files with this prefix.
Using TPU: infer2
learning_rate: 0.004
warmup: 3
weight_decay: 0.0001
*********** I have started the training ***********
*********** I have finished the training ***********

Evaluation results:
	{'accuracy': 0.908, 'loss': 387.16537, 'global_step': 2910}

WARNING:tensorflow:Estimator's model_fn (<function model_fn at 0x7ffa5b48c378>) includes params argument, but params are not passed to Estimator.
2019-04-17 05:07:36.167427: W tensorflow/core/distributed_runtime/rpc/grpc_session.cc:354] GrpcSession::ListDevices will initialize the session with an empty graph and other defaults because the session has not yet been created.
WARNING:tensorflow:From /usr/local/lib/python3.5/dist-packages/tensorflow/python/ops/resource_variable_ops.py:435: colocate_with (from tensorflow.python.framework.ops) is deprecated and will be removed in a future version.
Instructions for updating:
Colocations handled automatically by placer.
WARNING:tensorflow:From /usr/local/lib/python3.5/dist-packages/tensorflow/python/ops/losses/losses_impl.py:209: to_float (from tensorflow.python.ops.math_ops) is deprecated and will be removed in a future version.
Instructions for updating:
Use tf.cast instead.
WARNING:tensorflow:From /usr/local/lib/python3.5/dist-packages/tensorflow/python/ops/math_ops.py:3066: to_int32 (from tensorflow.python.ops.math_ops) is deprecated and will be removed in a future version.
Instructions for updating:
Use tf.cast instead.
WARNING:tensorflow:From /usr/local/lib/python3.5/dist-packages/tensorflow/python/ops/math_grad.py:102: div (from tensorflow.python.ops.math_ops) is deprecated and will be removed in a future version.
Instructions for updating:
Deprecated in favor of operator or tf.math.divide.
2019-04-17 05:07:45.748852: W tensorflow/core/distributed_runtime/rpc/grpc_session.cc:354] GrpcSession::ListDevices will initialize the session with an empty graph and other defaults because the session has not yet been created.
WARNING:tensorflow:From /usr/local/lib/python3.5/dist-packages/tensorflow/python/training/saver.py:1266: checkpoint_exists (from tensorflow.python.training.checkpoint_management) is deprecated and will be removed in a future version.
Instructions for updating:
Use standard file APIs to check for files with this prefix.
Using TPU: infer2
learning_rate: 0.005
warmup: 3
weight_decay: 0.0001
*********** I have started the training ***********
*********** I have finished the training ***********

Evaluation results:
	{'accuracy': 0.892, 'loss': 523.9657, 'global_step': 2910}

WARNING:tensorflow:Estimator's model_fn (<function model_fn at 0x7fe0044b8378>) includes params argument, but params are not passed to Estimator.
2019-04-17 05:09:23.240661: W tensorflow/core/distributed_runtime/rpc/grpc_session.cc:354] GrpcSession::ListDevices will initialize the session with an empty graph and other defaults because the session has not yet been created.
WARNING:tensorflow:From /usr/local/lib/python3.5/dist-packages/tensorflow/python/ops/resource_variable_ops.py:435: colocate_with (from tensorflow.python.framework.ops) is deprecated and will be removed in a future version.
Instructions for updating:
Colocations handled automatically by placer.
WARNING:tensorflow:From /usr/local/lib/python3.5/dist-packages/tensorflow/python/ops/losses/losses_impl.py:209: to_float (from tensorflow.python.ops.math_ops) is deprecated and will be removed in a future version.
Instructions for updating:
Use tf.cast instead.
WARNING:tensorflow:From /usr/local/lib/python3.5/dist-packages/tensorflow/python/ops/math_ops.py:3066: to_int32 (from tensorflow.python.ops.math_ops) is deprecated and will be removed in a future version.
Instructions for updating:
Use tf.cast instead.
WARNING:tensorflow:From /usr/local/lib/python3.5/dist-packages/tensorflow/python/ops/math_grad.py:102: div (from tensorflow.python.ops.math_ops) is deprecated and will be removed in a future version.
Instructions for updating:
Deprecated in favor of operator or tf.math.divide.
2019-04-17 05:09:32.781273: W tensorflow/core/distributed_runtime/rpc/grpc_session.cc:354] GrpcSession::ListDevices will initialize the session with an empty graph and other defaults because the session has not yet been created.
WARNING:tensorflow:From /usr/local/lib/python3.5/dist-packages/tensorflow/python/training/saver.py:1266: checkpoint_exists (from tensorflow.python.training.checkpoint_management) is deprecated and will be removed in a future version.
Instructions for updating:
Use standard file APIs to check for files with this prefix.
Using TPU: infer2
learning_rate: 0.006
warmup: 3
weight_decay: 0.0001
*********** I have started the training ***********
*********** I have finished the training ***********

Evaluation results:
	{'global_step': 2910, 'accuracy': 0.8943, 'loss': 479.72424}

WARNING:tensorflow:Estimator's model_fn (<function model_fn at 0x7f16cbb86378>) includes params argument, but params are not passed to Estimator.
2019-04-17 05:11:12.527256: W tensorflow/core/distributed_runtime/rpc/grpc_session.cc:354] GrpcSession::ListDevices will initialize the session with an empty graph and other defaults because the session has not yet been created.
WARNING:tensorflow:From /usr/local/lib/python3.5/dist-packages/tensorflow/python/ops/resource_variable_ops.py:435: colocate_with (from tensorflow.python.framework.ops) is deprecated and will be removed in a future version.
Instructions for updating:
Colocations handled automatically by placer.
WARNING:tensorflow:From /usr/local/lib/python3.5/dist-packages/tensorflow/python/ops/losses/losses_impl.py:209: to_float (from tensorflow.python.ops.math_ops) is deprecated and will be removed in a future version.
Instructions for updating:
Use tf.cast instead.
WARNING:tensorflow:From /usr/local/lib/python3.5/dist-packages/tensorflow/python/ops/math_ops.py:3066: to_int32 (from tensorflow.python.ops.math_ops) is deprecated and will be removed in a future version.
Instructions for updating:
Use tf.cast instead.
WARNING:tensorflow:From /usr/local/lib/python3.5/dist-packages/tensorflow/python/ops/math_grad.py:102: div (from tensorflow.python.ops.math_ops) is deprecated and will be removed in a future version.
Instructions for updating:
Deprecated in favor of operator or tf.math.divide.
2019-04-17 05:11:21.953292: W tensorflow/core/distributed_runtime/rpc/grpc_session.cc:354] GrpcSession::ListDevices will initialize the session with an empty graph and other defaults because the session has not yet been created.
WARNING:tensorflow:From /usr/local/lib/python3.5/dist-packages/tensorflow/python/training/saver.py:1266: checkpoint_exists (from tensorflow.python.training.checkpoint_management) is deprecated and will be removed in a future version.
Instructions for updating:
Use standard file APIs to check for files with this prefix.
Using TPU: infer2
learning_rate: 0.007
warmup: 3
weight_decay: 0.0001
*********** I have started the training ***********
*********** I have finished the training ***********

Evaluation results:
	{'global_step': 2910, 'loss': 541.317, 'accuracy': 0.8772}

WARNING:tensorflow:Estimator's model_fn (<function model_fn at 0x7febd7f7d378>) includes params argument, but params are not passed to Estimator.
2019-04-17 05:13:00.075104: W tensorflow/core/distributed_runtime/rpc/grpc_session.cc:354] GrpcSession::ListDevices will initialize the session with an empty graph and other defaults because the session has not yet been created.
WARNING:tensorflow:From /usr/local/lib/python3.5/dist-packages/tensorflow/python/ops/resource_variable_ops.py:435: colocate_with (from tensorflow.python.framework.ops) is deprecated and will be removed in a future version.
Instructions for updating:
Colocations handled automatically by placer.
WARNING:tensorflow:From /usr/local/lib/python3.5/dist-packages/tensorflow/python/ops/losses/losses_impl.py:209: to_float (from tensorflow.python.ops.math_ops) is deprecated and will be removed in a future version.
Instructions for updating:
Use tf.cast instead.
WARNING:tensorflow:From /usr/local/lib/python3.5/dist-packages/tensorflow/python/ops/math_ops.py:3066: to_int32 (from tensorflow.python.ops.math_ops) is deprecated and will be removed in a future version.
Instructions for updating:
Use tf.cast instead.
WARNING:tensorflow:From /usr/local/lib/python3.5/dist-packages/tensorflow/python/ops/math_grad.py:102: div (from tensorflow.python.ops.math_ops) is deprecated and will be removed in a future version.
Instructions for updating:
Deprecated in favor of operator or tf.math.divide.
2019-04-17 05:13:09.419843: W tensorflow/core/distributed_runtime/rpc/grpc_session.cc:354] GrpcSession::ListDevices will initialize the session with an empty graph and other defaults because the session has not yet been created.
WARNING:tensorflow:From /usr/local/lib/python3.5/dist-packages/tensorflow/python/training/saver.py:1266: checkpoint_exists (from tensorflow.python.training.checkpoint_management) is deprecated and will be removed in a future version.
Instructions for updating:
Use standard file APIs to check for files with this prefix.
Using TPU: infer2
learning_rate: 0.008
warmup: 3
weight_decay: 0.0001
*********** I have started the training ***********
*********** I have finished the training ***********

Evaluation results:
	{'accuracy': 0.9025, 'global_step': 2910, 'loss': 480.27322}

WARNING:tensorflow:Estimator's model_fn (<function model_fn at 0x7f7b12cd5378>) includes params argument, but params are not passed to Estimator.
2019-04-17 05:14:45.289004: W tensorflow/core/distributed_runtime/rpc/grpc_session.cc:354] GrpcSession::ListDevices will initialize the session with an empty graph and other defaults because the session has not yet been created.
WARNING:tensorflow:From /usr/local/lib/python3.5/dist-packages/tensorflow/python/ops/resource_variable_ops.py:435: colocate_with (from tensorflow.python.framework.ops) is deprecated and will be removed in a future version.
Instructions for updating:
Colocations handled automatically by placer.
WARNING:tensorflow:From /usr/local/lib/python3.5/dist-packages/tensorflow/python/ops/losses/losses_impl.py:209: to_float (from tensorflow.python.ops.math_ops) is deprecated and will be removed in a future version.
Instructions for updating:
Use tf.cast instead.
WARNING:tensorflow:From /usr/local/lib/python3.5/dist-packages/tensorflow/python/ops/math_ops.py:3066: to_int32 (from tensorflow.python.ops.math_ops) is deprecated and will be removed in a future version.
Instructions for updating:
Use tf.cast instead.
WARNING:tensorflow:From /usr/local/lib/python3.5/dist-packages/tensorflow/python/ops/math_grad.py:102: div (from tensorflow.python.ops.math_ops) is deprecated and will be removed in a future version.
Instructions for updating:
Deprecated in favor of operator or tf.math.divide.
2019-04-17 05:14:54.437506: W tensorflow/core/distributed_runtime/rpc/grpc_session.cc:354] GrpcSession::ListDevices will initialize the session with an empty graph and other defaults because the session has not yet been created.
WARNING:tensorflow:From /usr/local/lib/python3.5/dist-packages/tensorflow/python/training/saver.py:1266: checkpoint_exists (from tensorflow.python.training.checkpoint_management) is deprecated and will be removed in a future version.
Instructions for updating:
Use standard file APIs to check for files with this prefix.
Using TPU: infer2
learning_rate: 0.009
warmup: 3
weight_decay: 0.0001
*********** I have started the training ***********
*********** I have finished the training ***********

Evaluation results:
	{'global_step': 2910, 'loss': 464.5882, 'accuracy': 0.8995}

WARNING:tensorflow:Estimator's model_fn (<function model_fn at 0x7f00ade95378>) includes params argument, but params are not passed to Estimator.
2019-04-17 05:16:32.293888: W tensorflow/core/distributed_runtime/rpc/grpc_session.cc:354] GrpcSession::ListDevices will initialize the session with an empty graph and other defaults because the session has not yet been created.
WARNING:tensorflow:From /usr/local/lib/python3.5/dist-packages/tensorflow/python/ops/resource_variable_ops.py:435: colocate_with (from tensorflow.python.framework.ops) is deprecated and will be removed in a future version.
Instructions for updating:
Colocations handled automatically by placer.
WARNING:tensorflow:From /usr/local/lib/python3.5/dist-packages/tensorflow/python/ops/losses/losses_impl.py:209: to_float (from tensorflow.python.ops.math_ops) is deprecated and will be removed in a future version.
Instructions for updating:
Use tf.cast instead.
WARNING:tensorflow:From /usr/local/lib/python3.5/dist-packages/tensorflow/python/ops/math_ops.py:3066: to_int32 (from tensorflow.python.ops.math_ops) is deprecated and will be removed in a future version.
Instructions for updating:
Use tf.cast instead.
WARNING:tensorflow:From /usr/local/lib/python3.5/dist-packages/tensorflow/python/ops/math_grad.py:102: div (from tensorflow.python.ops.math_ops) is deprecated and will be removed in a future version.
Instructions for updating:
Deprecated in favor of operator or tf.math.divide.
2019-04-17 05:16:41.750708: W tensorflow/core/distributed_runtime/rpc/grpc_session.cc:354] GrpcSession::ListDevices will initialize the session with an empty graph and other defaults because the session has not yet been created.
WARNING:tensorflow:From /usr/local/lib/python3.5/dist-packages/tensorflow/python/training/saver.py:1266: checkpoint_exists (from tensorflow.python.training.checkpoint_management) is deprecated and will be removed in a future version.
Instructions for updating:
Use standard file APIs to check for files with this prefix.
Using TPU: infer2
learning_rate: 0.01
warmup: 3
weight_decay: 0.0001
*********** I have started the training ***********
*********** I have finished the training ***********

Evaluation results:
	{'loss': 489.59207, 'global_step': 2910, 'accuracy': 0.8998}

WARNING:tensorflow:Estimator's model_fn (<function model_fn at 0x7fef61a5a378>) includes params argument, but params are not passed to Estimator.
2019-04-17 05:20:46.622822: W tensorflow/core/distributed_runtime/rpc/grpc_session.cc:354] GrpcSession::ListDevices will initialize the session with an empty graph and other defaults because the session has not yet been created.
WARNING:tensorflow:From /usr/local/lib/python3.5/dist-packages/tensorflow/python/ops/resource_variable_ops.py:435: colocate_with (from tensorflow.python.framework.ops) is deprecated and will be removed in a future version.
Instructions for updating:
Colocations handled automatically by placer.
WARNING:tensorflow:From /usr/local/lib/python3.5/dist-packages/tensorflow/python/ops/losses/losses_impl.py:209: to_float (from tensorflow.python.ops.math_ops) is deprecated and will be removed in a future version.
Instructions for updating:
Use tf.cast instead.
WARNING:tensorflow:From /usr/local/lib/python3.5/dist-packages/tensorflow/python/ops/math_ops.py:3066: to_int32 (from tensorflow.python.ops.math_ops) is deprecated and will be removed in a future version.
Instructions for updating:
Use tf.cast instead.
WARNING:tensorflow:From /usr/local/lib/python3.5/dist-packages/tensorflow/python/ops/math_grad.py:102: div (from tensorflow.python.ops.math_ops) is deprecated and will be removed in a future version.
Instructions for updating:
Deprecated in favor of operator or tf.math.divide.
2019-04-17 05:20:56.302068: W tensorflow/core/distributed_runtime/rpc/grpc_session.cc:354] GrpcSession::ListDevices will initialize the session with an empty graph and other defaults because the session has not yet been created.
WARNING:tensorflow:From /usr/local/lib/python3.5/dist-packages/tensorflow/python/training/saver.py:1266: checkpoint_exists (from tensorflow.python.training.checkpoint_management) is deprecated and will be removed in a future version.
Instructions for updating:
Use standard file APIs to check for files with this prefix.
Using TPU: infer2
learning_rate: 0.011
warmup: 3
weight_decay: 0.0001
*********** I have started the training ***********
*********** I have finished the training ***********

Evaluation results:
	{'loss': 529.3921, 'global_step': 2910, 'accuracy': 0.8852}

WARNING:tensorflow:Estimator's model_fn (<function model_fn at 0x7f2ec2199378>) includes params argument, but params are not passed to Estimator.
2019-04-17 05:22:22.155475: W tensorflow/core/distributed_runtime/rpc/grpc_session.cc:354] GrpcSession::ListDevices will initialize the session with an empty graph and other defaults because the session has not yet been created.
WARNING:tensorflow:From /usr/local/lib/python3.5/dist-packages/tensorflow/python/ops/resource_variable_ops.py:435: colocate_with (from tensorflow.python.framework.ops) is deprecated and will be removed in a future version.
Instructions for updating:
Colocations handled automatically by placer.
WARNING:tensorflow:From /usr/local/lib/python3.5/dist-packages/tensorflow/python/ops/losses/losses_impl.py:209: to_float (from tensorflow.python.ops.math_ops) is deprecated and will be removed in a future version.
Instructions for updating:
Use tf.cast instead.
WARNING:tensorflow:From /usr/local/lib/python3.5/dist-packages/tensorflow/python/ops/math_ops.py:3066: to_int32 (from tensorflow.python.ops.math_ops) is deprecated and will be removed in a future version.
Instructions for updating:
Use tf.cast instead.
WARNING:tensorflow:From /usr/local/lib/python3.5/dist-packages/tensorflow/python/ops/math_grad.py:102: div (from tensorflow.python.ops.math_ops) is deprecated and will be removed in a future version.
Instructions for updating:
Deprecated in favor of operator or tf.math.divide.
2019-04-17 05:22:31.699775: W tensorflow/core/distributed_runtime/rpc/grpc_session.cc:354] GrpcSession::ListDevices will initialize the session with an empty graph and other defaults because the session has not yet been created.
WARNING:tensorflow:From /usr/local/lib/python3.5/dist-packages/tensorflow/python/training/saver.py:1266: checkpoint_exists (from tensorflow.python.training.checkpoint_management) is deprecated and will be removed in a future version.
Instructions for updating:
Use standard file APIs to check for files with this prefix.
Using TPU: infer2
learning_rate: 0.012
warmup: 3
weight_decay: 0.0001
*********** I have started the training ***********
*********** I have finished the training ***********

Evaluation results:
	{'loss': 570.0471, 'accuracy': 0.8845, 'global_step': 2910}

WARNING:tensorflow:Estimator's model_fn (<function model_fn at 0x7f12f3295378>) includes params argument, but params are not passed to Estimator.
2019-04-17 05:24:08.628329: W tensorflow/core/distributed_runtime/rpc/grpc_session.cc:354] GrpcSession::ListDevices will initialize the session with an empty graph and other defaults because the session has not yet been created.
WARNING:tensorflow:From /usr/local/lib/python3.5/dist-packages/tensorflow/python/ops/resource_variable_ops.py:435: colocate_with (from tensorflow.python.framework.ops) is deprecated and will be removed in a future version.
Instructions for updating:
Colocations handled automatically by placer.
WARNING:tensorflow:From /usr/local/lib/python3.5/dist-packages/tensorflow/python/ops/losses/losses_impl.py:209: to_float (from tensorflow.python.ops.math_ops) is deprecated and will be removed in a future version.
Instructions for updating:
Use tf.cast instead.
WARNING:tensorflow:From /usr/local/lib/python3.5/dist-packages/tensorflow/python/ops/math_ops.py:3066: to_int32 (from tensorflow.python.ops.math_ops) is deprecated and will be removed in a future version.
Instructions for updating:
Use tf.cast instead.
WARNING:tensorflow:From /usr/local/lib/python3.5/dist-packages/tensorflow/python/ops/math_grad.py:102: div (from tensorflow.python.ops.math_ops) is deprecated and will be removed in a future version.
Instructions for updating:
Deprecated in favor of operator or tf.math.divide.
2019-04-17 05:24:18.716093: W tensorflow/core/distributed_runtime/rpc/grpc_session.cc:354] GrpcSession::ListDevices will initialize the session with an empty graph and other defaults because the session has not yet been created.
WARNING:tensorflow:From /usr/local/lib/python3.5/dist-packages/tensorflow/python/training/saver.py:1266: checkpoint_exists (from tensorflow.python.training.checkpoint_management) is deprecated and will be removed in a future version.
Instructions for updating:
Use standard file APIs to check for files with this prefix.
Using TPU: infer2
learning_rate: 0.013
warmup: 3
weight_decay: 0.0001
*********** I have started the training ***********
*********** I have finished the training ***********

Evaluation results:
	{'loss': 493.88904, 'accuracy': 0.8927, 'global_step': 2910}

WARNING:tensorflow:Estimator's model_fn (<function model_fn at 0x7f6445f44378>) includes params argument, but params are not passed to Estimator.
2019-04-17 05:25:55.279814: W tensorflow/core/distributed_runtime/rpc/grpc_session.cc:354] GrpcSession::ListDevices will initialize the session with an empty graph and other defaults because the session has not yet been created.
WARNING:tensorflow:From /usr/local/lib/python3.5/dist-packages/tensorflow/python/ops/resource_variable_ops.py:435: colocate_with (from tensorflow.python.framework.ops) is deprecated and will be removed in a future version.
Instructions for updating:
Colocations handled automatically by placer.
WARNING:tensorflow:From /usr/local/lib/python3.5/dist-packages/tensorflow/python/ops/losses/losses_impl.py:209: to_float (from tensorflow.python.ops.math_ops) is deprecated and will be removed in a future version.
Instructions for updating:
Use tf.cast instead.
WARNING:tensorflow:From /usr/local/lib/python3.5/dist-packages/tensorflow/python/ops/math_ops.py:3066: to_int32 (from tensorflow.python.ops.math_ops) is deprecated and will be removed in a future version.
Instructions for updating:
Use tf.cast instead.
WARNING:tensorflow:From /usr/local/lib/python3.5/dist-packages/tensorflow/python/ops/math_grad.py:102: div (from tensorflow.python.ops.math_ops) is deprecated and will be removed in a future version.
Instructions for updating:
Deprecated in favor of operator or tf.math.divide.
2019-04-17 05:26:05.390742: W tensorflow/core/distributed_runtime/rpc/grpc_session.cc:354] GrpcSession::ListDevices will initialize the session with an empty graph and other defaults because the session has not yet been created.
WARNING:tensorflow:From /usr/local/lib/python3.5/dist-packages/tensorflow/python/training/saver.py:1266: checkpoint_exists (from tensorflow.python.training.checkpoint_management) is deprecated and will be removed in a future version.
Instructions for updating:
Use standard file APIs to check for files with this prefix.
Using TPU: infer2
learning_rate: 0.014
warmup: 3
weight_decay: 0.0001
*********** I have started the training ***********
*********** I have finished the training ***********

Evaluation results:
	{'global_step': 2910, 'accuracy': 0.8857, 'loss': 506.72125}

WARNING:tensorflow:Estimator's model_fn (<function model_fn at 0x7f322cbd3378>) includes params argument, but params are not passed to Estimator.
2019-04-17 05:27:42.316190: W tensorflow/core/distributed_runtime/rpc/grpc_session.cc:354] GrpcSession::ListDevices will initialize the session with an empty graph and other defaults because the session has not yet been created.
WARNING:tensorflow:From /usr/local/lib/python3.5/dist-packages/tensorflow/python/ops/resource_variable_ops.py:435: colocate_with (from tensorflow.python.framework.ops) is deprecated and will be removed in a future version.
Instructions for updating:
Colocations handled automatically by placer.
WARNING:tensorflow:From /usr/local/lib/python3.5/dist-packages/tensorflow/python/ops/losses/losses_impl.py:209: to_float (from tensorflow.python.ops.math_ops) is deprecated and will be removed in a future version.
Instructions for updating:
Use tf.cast instead.
WARNING:tensorflow:From /usr/local/lib/python3.5/dist-packages/tensorflow/python/ops/math_ops.py:3066: to_int32 (from tensorflow.python.ops.math_ops) is deprecated and will be removed in a future version.
Instructions for updating:
Use tf.cast instead.
WARNING:tensorflow:From /usr/local/lib/python3.5/dist-packages/tensorflow/python/ops/math_grad.py:102: div (from tensorflow.python.ops.math_ops) is deprecated and will be removed in a future version.
Instructions for updating:
Deprecated in favor of operator or tf.math.divide.
2019-04-17 05:27:52.593851: W tensorflow/core/distributed_runtime/rpc/grpc_session.cc:354] GrpcSession::ListDevices will initialize the session with an empty graph and other defaults because the session has not yet been created.
WARNING:tensorflow:From /usr/local/lib/python3.5/dist-packages/tensorflow/python/training/saver.py:1266: checkpoint_exists (from tensorflow.python.training.checkpoint_management) is deprecated and will be removed in a future version.
Instructions for updating:
Use standard file APIs to check for files with this prefix.
Using TPU: infer2
learning_rate: 0.015
warmup: 3
weight_decay: 0.0001
*********** I have started the training ***********
*********** I have finished the training ***********

Evaluation results:
	{'global_step': 2910, 'loss': 433.43353, 'accuracy': 0.8911}

WARNING:tensorflow:Estimator's model_fn (<function model_fn at 0x7f63ccef2378>) includes params argument, but params are not passed to Estimator.
2019-04-17 05:29:32.059464: W tensorflow/core/distributed_runtime/rpc/grpc_session.cc:354] GrpcSession::ListDevices will initialize the session with an empty graph and other defaults because the session has not yet been created.
WARNING:tensorflow:From /usr/local/lib/python3.5/dist-packages/tensorflow/python/ops/resource_variable_ops.py:435: colocate_with (from tensorflow.python.framework.ops) is deprecated and will be removed in a future version.
Instructions for updating:
Colocations handled automatically by placer.
WARNING:tensorflow:From /usr/local/lib/python3.5/dist-packages/tensorflow/python/ops/losses/losses_impl.py:209: to_float (from tensorflow.python.ops.math_ops) is deprecated and will be removed in a future version.
Instructions for updating:
Use tf.cast instead.
WARNING:tensorflow:From /usr/local/lib/python3.5/dist-packages/tensorflow/python/ops/math_ops.py:3066: to_int32 (from tensorflow.python.ops.math_ops) is deprecated and will be removed in a future version.
Instructions for updating:
Use tf.cast instead.
WARNING:tensorflow:From /usr/local/lib/python3.5/dist-packages/tensorflow/python/ops/math_grad.py:102: div (from tensorflow.python.ops.math_ops) is deprecated and will be removed in a future version.
Instructions for updating:
Deprecated in favor of operator or tf.math.divide.
2019-04-17 05:29:42.705712: W tensorflow/core/distributed_runtime/rpc/grpc_session.cc:354] GrpcSession::ListDevices will initialize the session with an empty graph and other defaults because the session has not yet been created.
WARNING:tensorflow:From /usr/local/lib/python3.5/dist-packages/tensorflow/python/training/saver.py:1266: checkpoint_exists (from tensorflow.python.training.checkpoint_management) is deprecated and will be removed in a future version.
Instructions for updating:
Use standard file APIs to check for files with this prefix.
Using TPU: infer2
learning_rate: 0.016
warmup: 3
weight_decay: 0.0001
*********** I have started the training ***********
*********** I have finished the training ***********

Evaluation results:
	{'accuracy': 0.8753, 'loss': 722.1668, 'global_step': 2910}

WARNING:tensorflow:Estimator's model_fn (<function model_fn at 0x7f9bb596d378>) includes params argument, but params are not passed to Estimator.
2019-04-17 05:31:20.700593: W tensorflow/core/distributed_runtime/rpc/grpc_session.cc:354] GrpcSession::ListDevices will initialize the session with an empty graph and other defaults because the session has not yet been created.
WARNING:tensorflow:From /usr/local/lib/python3.5/dist-packages/tensorflow/python/ops/resource_variable_ops.py:435: colocate_with (from tensorflow.python.framework.ops) is deprecated and will be removed in a future version.
Instructions for updating:
Colocations handled automatically by placer.
WARNING:tensorflow:From /usr/local/lib/python3.5/dist-packages/tensorflow/python/ops/losses/losses_impl.py:209: to_float (from tensorflow.python.ops.math_ops) is deprecated and will be removed in a future version.
Instructions for updating:
Use tf.cast instead.
WARNING:tensorflow:From /usr/local/lib/python3.5/dist-packages/tensorflow/python/ops/math_ops.py:3066: to_int32 (from tensorflow.python.ops.math_ops) is deprecated and will be removed in a future version.
Instructions for updating:
Use tf.cast instead.
WARNING:tensorflow:From /usr/local/lib/python3.5/dist-packages/tensorflow/python/ops/math_grad.py:102: div (from tensorflow.python.ops.math_ops) is deprecated and will be removed in a future version.
Instructions for updating:
Deprecated in favor of operator or tf.math.divide.
2019-04-17 05:31:31.863657: W tensorflow/core/distributed_runtime/rpc/grpc_session.cc:354] GrpcSession::ListDevices will initialize the session with an empty graph and other defaults because the session has not yet been created.
WARNING:tensorflow:From /usr/local/lib/python3.5/dist-packages/tensorflow/python/training/saver.py:1266: checkpoint_exists (from tensorflow.python.training.checkpoint_management) is deprecated and will be removed in a future version.
Instructions for updating:
Use standard file APIs to check for files with this prefix.
Using TPU: infer2
learning_rate: 0.017
warmup: 3
weight_decay: 0.0001
*********** I have started the training ***********
*********** I have finished the training ***********

Evaluation results:
	{'accuracy': 0.8913, 'loss': 528.34015, 'global_step': 2910}

WARNING:tensorflow:Estimator's model_fn (<function model_fn at 0x7f361f5a0378>) includes params argument, but params are not passed to Estimator.
2019-04-17 05:34:27.131256: W tensorflow/core/distributed_runtime/rpc/grpc_session.cc:354] GrpcSession::ListDevices will initialize the session with an empty graph and other defaults because the session has not yet been created.
WARNING:tensorflow:From /usr/local/lib/python3.5/dist-packages/tensorflow/python/ops/resource_variable_ops.py:435: colocate_with (from tensorflow.python.framework.ops) is deprecated and will be removed in a future version.
Instructions for updating:
Colocations handled automatically by placer.
WARNING:tensorflow:From /usr/local/lib/python3.5/dist-packages/tensorflow/python/ops/losses/losses_impl.py:209: to_float (from tensorflow.python.ops.math_ops) is deprecated and will be removed in a future version.
Instructions for updating:
Use tf.cast instead.
WARNING:tensorflow:From /usr/local/lib/python3.5/dist-packages/tensorflow/python/ops/math_ops.py:3066: to_int32 (from tensorflow.python.ops.math_ops) is deprecated and will be removed in a future version.
Instructions for updating:
Use tf.cast instead.
WARNING:tensorflow:From /usr/local/lib/python3.5/dist-packages/tensorflow/python/ops/math_grad.py:102: div (from tensorflow.python.ops.math_ops) is deprecated and will be removed in a future version.
Instructions for updating:
Deprecated in favor of operator or tf.math.divide.
2019-04-17 05:34:38.584341: W tensorflow/core/distributed_runtime/rpc/grpc_session.cc:354] GrpcSession::ListDevices will initialize the session with an empty graph and other defaults because the session has not yet been created.
WARNING:tensorflow:From /usr/local/lib/python3.5/dist-packages/tensorflow/python/training/saver.py:1266: checkpoint_exists (from tensorflow.python.training.checkpoint_management) is deprecated and will be removed in a future version.
Instructions for updating:
Use standard file APIs to check for files with this prefix.
Using TPU: infer2
learning_rate: 0.018
warmup: 3
weight_decay: 0.0001
*********** I have started the training ***********
*********** I have finished the training ***********

Evaluation results:
	{'loss': 613.25446, 'accuracy': 0.8781, 'global_step': 2910}

WARNING:tensorflow:Estimator's model_fn (<function model_fn at 0x7fef650cd378>) includes params argument, but params are not passed to Estimator.
2019-04-17 05:37:55.674214: W tensorflow/core/distributed_runtime/rpc/grpc_session.cc:354] GrpcSession::ListDevices will initialize the session with an empty graph and other defaults because the session has not yet been created.
WARNING:tensorflow:From /usr/local/lib/python3.5/dist-packages/tensorflow/python/ops/resource_variable_ops.py:435: colocate_with (from tensorflow.python.framework.ops) is deprecated and will be removed in a future version.
Instructions for updating:
Colocations handled automatically by placer.
WARNING:tensorflow:From /usr/local/lib/python3.5/dist-packages/tensorflow/python/ops/losses/losses_impl.py:209: to_float (from tensorflow.python.ops.math_ops) is deprecated and will be removed in a future version.
Instructions for updating:
Use tf.cast instead.
WARNING:tensorflow:From /usr/local/lib/python3.5/dist-packages/tensorflow/python/ops/math_ops.py:3066: to_int32 (from tensorflow.python.ops.math_ops) is deprecated and will be removed in a future version.
Instructions for updating:
Use tf.cast instead.
WARNING:tensorflow:From /usr/local/lib/python3.5/dist-packages/tensorflow/python/ops/math_grad.py:102: div (from tensorflow.python.ops.math_ops) is deprecated and will be removed in a future version.
Instructions for updating:
Deprecated in favor of operator or tf.math.divide.
2019-04-17 05:38:05.792853: W tensorflow/core/distributed_runtime/rpc/grpc_session.cc:354] GrpcSession::ListDevices will initialize the session with an empty graph and other defaults because the session has not yet been created.
WARNING:tensorflow:From /usr/local/lib/python3.5/dist-packages/tensorflow/python/training/saver.py:1266: checkpoint_exists (from tensorflow.python.training.checkpoint_management) is deprecated and will be removed in a future version.
Instructions for updating:
Use standard file APIs to check for files with this prefix.
Using TPU: infer2
learning_rate: 0.019
warmup: 3
weight_decay: 0.0001
*********** I have started the training ***********
*********** I have finished the training ***********

Evaluation results:
	{'accuracy': 0.8815, 'global_step': 2910, 'loss': 556.9268}

WARNING:tensorflow:Estimator's model_fn (<function model_fn at 0x7f22987e6378>) includes params argument, but params are not passed to Estimator.
2019-04-17 05:41:23.568322: W tensorflow/core/distributed_runtime/rpc/grpc_session.cc:354] GrpcSession::ListDevices will initialize the session with an empty graph and other defaults because the session has not yet been created.
WARNING:tensorflow:From /usr/local/lib/python3.5/dist-packages/tensorflow/python/ops/resource_variable_ops.py:435: colocate_with (from tensorflow.python.framework.ops) is deprecated and will be removed in a future version.
Instructions for updating:
Colocations handled automatically by placer.
WARNING:tensorflow:From /usr/local/lib/python3.5/dist-packages/tensorflow/python/ops/losses/losses_impl.py:209: to_float (from tensorflow.python.ops.math_ops) is deprecated and will be removed in a future version.
Instructions for updating:
Use tf.cast instead.
WARNING:tensorflow:From /usr/local/lib/python3.5/dist-packages/tensorflow/python/ops/math_ops.py:3066: to_int32 (from tensorflow.python.ops.math_ops) is deprecated and will be removed in a future version.
Instructions for updating:
Use tf.cast instead.
WARNING:tensorflow:From /usr/local/lib/python3.5/dist-packages/tensorflow/python/ops/math_grad.py:102: div (from tensorflow.python.ops.math_ops) is deprecated and will be removed in a future version.
Instructions for updating:
Deprecated in favor of operator or tf.math.divide.
2019-04-17 05:41:33.464804: W tensorflow/core/distributed_runtime/rpc/grpc_session.cc:354] GrpcSession::ListDevices will initialize the session with an empty graph and other defaults because the session has not yet been created.
WARNING:tensorflow:From /usr/local/lib/python3.5/dist-packages/tensorflow/python/training/saver.py:1266: checkpoint_exists (from tensorflow.python.training.checkpoint_management) is deprecated and will be removed in a future version.
Instructions for updating:
Use standard file APIs to check for files with this prefix.
Using TPU: infer2
learning_rate: 0.02
warmup: 3
weight_decay: 0.0001
*********** I have started the training ***********
*********** I have finished the training ***********

Evaluation results:
	{'loss': 538.7924, 'global_step': 2910, 'accuracy': 0.8832}

WARNING:tensorflow:Estimator's model_fn (<function model_fn at 0x7fa9b42ca378>) includes params argument, but params are not passed to Estimator.
2019-04-17 05:44:51.318420: W tensorflow/core/distributed_runtime/rpc/grpc_session.cc:354] GrpcSession::ListDevices will initialize the session with an empty graph and other defaults because the session has not yet been created.
WARNING:tensorflow:From /usr/local/lib/python3.5/dist-packages/tensorflow/python/ops/resource_variable_ops.py:435: colocate_with (from tensorflow.python.framework.ops) is deprecated and will be removed in a future version.
Instructions for updating:
Colocations handled automatically by placer.
WARNING:tensorflow:From /usr/local/lib/python3.5/dist-packages/tensorflow/python/ops/losses/losses_impl.py:209: to_float (from tensorflow.python.ops.math_ops) is deprecated and will be removed in a future version.
Instructions for updating:
Use tf.cast instead.
WARNING:tensorflow:From /usr/local/lib/python3.5/dist-packages/tensorflow/python/ops/math_ops.py:3066: to_int32 (from tensorflow.python.ops.math_ops) is deprecated and will be removed in a future version.
Instructions for updating:
Use tf.cast instead.
WARNING:tensorflow:From /usr/local/lib/python3.5/dist-packages/tensorflow/python/ops/math_grad.py:102: div (from tensorflow.python.ops.math_ops) is deprecated and will be removed in a future version.
Instructions for updating:
Deprecated in favor of operator or tf.math.divide.
2019-04-17 05:45:02.014641: W tensorflow/core/distributed_runtime/rpc/grpc_session.cc:354] GrpcSession::ListDevices will initialize the session with an empty graph and other defaults because the session has not yet been created.
WARNING:tensorflow:From /usr/local/lib/python3.5/dist-packages/tensorflow/python/training/saver.py:1266: checkpoint_exists (from tensorflow.python.training.checkpoint_management) is deprecated and will be removed in a future version.
Instructions for updating:
Use standard file APIs to check for files with this prefix.
Using TPU: infer2
learning_rate: 0.025
warmup: 3
weight_decay: 0.0001
*********** I have started the training ***********
*********** I have finished the training ***********

Evaluation results:
	{'accuracy': 0.872, 'loss': 595.66656, 'global_step': 2910}

WARNING:tensorflow:Estimator's model_fn (<function model_fn at 0x7f869c7ab378>) includes params argument, but params are not passed to Estimator.
2019-04-17 05:48:19.282776: W tensorflow/core/distributed_runtime/rpc/grpc_session.cc:354] GrpcSession::ListDevices will initialize the session with an empty graph and other defaults because the session has not yet been created.
WARNING:tensorflow:From /usr/local/lib/python3.5/dist-packages/tensorflow/python/ops/resource_variable_ops.py:435: colocate_with (from tensorflow.python.framework.ops) is deprecated and will be removed in a future version.
Instructions for updating:
Colocations handled automatically by placer.
WARNING:tensorflow:From /usr/local/lib/python3.5/dist-packages/tensorflow/python/ops/losses/losses_impl.py:209: to_float (from tensorflow.python.ops.math_ops) is deprecated and will be removed in a future version.
Instructions for updating:
Use tf.cast instead.
WARNING:tensorflow:From /usr/local/lib/python3.5/dist-packages/tensorflow/python/ops/math_ops.py:3066: to_int32 (from tensorflow.python.ops.math_ops) is deprecated and will be removed in a future version.
Instructions for updating:
Use tf.cast instead.
WARNING:tensorflow:From /usr/local/lib/python3.5/dist-packages/tensorflow/python/ops/math_grad.py:102: div (from tensorflow.python.ops.math_ops) is deprecated and will be removed in a future version.
Instructions for updating:
Deprecated in favor of operator or tf.math.divide.
2019-04-17 05:48:28.801399: W tensorflow/core/distributed_runtime/rpc/grpc_session.cc:354] GrpcSession::ListDevices will initialize the session with an empty graph and other defaults because the session has not yet been created.
WARNING:tensorflow:From /usr/local/lib/python3.5/dist-packages/tensorflow/python/training/saver.py:1266: checkpoint_exists (from tensorflow.python.training.checkpoint_management) is deprecated and will be removed in a future version.
Instructions for updating:
Use standard file APIs to check for files with this prefix.
Using TPU: infer2
learning_rate: 0.03
warmup: 3
weight_decay: 0.0001
*********** I have started the training ***********
*********** I have finished the training ***********

Evaluation results:
	{'accuracy': 0.8879, 'global_step': 2910, 'loss': 465.3574}

WARNING:tensorflow:Estimator's model_fn (<function model_fn at 0x7fa6b4184378>) includes params argument, but params are not passed to Estimator.
2019-04-17 05:51:47.343430: W tensorflow/core/distributed_runtime/rpc/grpc_session.cc:354] GrpcSession::ListDevices will initialize the session with an empty graph and other defaults because the session has not yet been created.
WARNING:tensorflow:From /usr/local/lib/python3.5/dist-packages/tensorflow/python/ops/resource_variable_ops.py:435: colocate_with (from tensorflow.python.framework.ops) is deprecated and will be removed in a future version.
Instructions for updating:
Colocations handled automatically by placer.
WARNING:tensorflow:From /usr/local/lib/python3.5/dist-packages/tensorflow/python/ops/losses/losses_impl.py:209: to_float (from tensorflow.python.ops.math_ops) is deprecated and will be removed in a future version.
Instructions for updating:
Use tf.cast instead.
WARNING:tensorflow:From /usr/local/lib/python3.5/dist-packages/tensorflow/python/ops/math_ops.py:3066: to_int32 (from tensorflow.python.ops.math_ops) is deprecated and will be removed in a future version.
Instructions for updating:
Use tf.cast instead.
WARNING:tensorflow:From /usr/local/lib/python3.5/dist-packages/tensorflow/python/ops/math_grad.py:102: div (from tensorflow.python.ops.math_ops) is deprecated and will be removed in a future version.
Instructions for updating:
Deprecated in favor of operator or tf.math.divide.
2019-04-17 05:51:57.471541: W tensorflow/core/distributed_runtime/rpc/grpc_session.cc:354] GrpcSession::ListDevices will initialize the session with an empty graph and other defaults because the session has not yet been created.
WARNING:tensorflow:From /usr/local/lib/python3.5/dist-packages/tensorflow/python/training/saver.py:1266: checkpoint_exists (from tensorflow.python.training.checkpoint_management) is deprecated and will be removed in a future version.
Instructions for updating:
Use standard file APIs to check for files with this prefix.
Using TPU: infer2
learning_rate: 0.04
warmup: 3
weight_decay: 0.0001
*********** I have started the training ***********
*********** I have finished the training ***********

Evaluation results:
	{'accuracy': 0.8703, 'loss': 574.62805, 'global_step': 2910}

WARNING:tensorflow:Estimator's model_fn (<function model_fn at 0x7f5f4073a378>) includes params argument, but params are not passed to Estimator.
2019-04-17 05:55:15.415347: W tensorflow/core/distributed_runtime/rpc/grpc_session.cc:354] GrpcSession::ListDevices will initialize the session with an empty graph and other defaults because the session has not yet been created.
WARNING:tensorflow:From /usr/local/lib/python3.5/dist-packages/tensorflow/python/ops/resource_variable_ops.py:435: colocate_with (from tensorflow.python.framework.ops) is deprecated and will be removed in a future version.
Instructions for updating:
Colocations handled automatically by placer.
WARNING:tensorflow:From /usr/local/lib/python3.5/dist-packages/tensorflow/python/ops/losses/losses_impl.py:209: to_float (from tensorflow.python.ops.math_ops) is deprecated and will be removed in a future version.
Instructions for updating:
Use tf.cast instead.
WARNING:tensorflow:From /usr/local/lib/python3.5/dist-packages/tensorflow/python/ops/math_ops.py:3066: to_int32 (from tensorflow.python.ops.math_ops) is deprecated and will be removed in a future version.
Instructions for updating:
Use tf.cast instead.
WARNING:tensorflow:From /usr/local/lib/python3.5/dist-packages/tensorflow/python/ops/math_grad.py:102: div (from tensorflow.python.ops.math_ops) is deprecated and will be removed in a future version.
Instructions for updating:
Deprecated in favor of operator or tf.math.divide.
2019-04-17 05:55:25.957995: W tensorflow/core/distributed_runtime/rpc/grpc_session.cc:354] GrpcSession::ListDevices will initialize the session with an empty graph and other defaults because the session has not yet been created.
WARNING:tensorflow:From /usr/local/lib/python3.5/dist-packages/tensorflow/python/training/saver.py:1266: checkpoint_exists (from tensorflow.python.training.checkpoint_management) is deprecated and will be removed in a future version.
Instructions for updating:
Use standard file APIs to check for files with this prefix.
Using TPU: infer2
learning_rate: 0.05
warmup: 3
weight_decay: 0.0001
*********** I have started the training ***********
*********** I have finished the training ***********

Evaluation results:
	{'global_step': 2910, 'loss': 510.12524, 'accuracy': 0.8627}

WARNING:tensorflow:Estimator's model_fn (<function model_fn at 0x7f0dbacf2378>) includes params argument, but params are not passed to Estimator.
2019-04-17 05:59:27.265254: W tensorflow/core/distributed_runtime/rpc/grpc_session.cc:354] GrpcSession::ListDevices will initialize the session with an empty graph and other defaults because the session has not yet been created.
WARNING:tensorflow:From /usr/local/lib/python3.5/dist-packages/tensorflow/python/ops/resource_variable_ops.py:435: colocate_with (from tensorflow.python.framework.ops) is deprecated and will be removed in a future version.
Instructions for updating:
Colocations handled automatically by placer.
WARNING:tensorflow:From /usr/local/lib/python3.5/dist-packages/tensorflow/python/ops/losses/losses_impl.py:209: to_float (from tensorflow.python.ops.math_ops) is deprecated and will be removed in a future version.
Instructions for updating:
Use tf.cast instead.
WARNING:tensorflow:From /usr/local/lib/python3.5/dist-packages/tensorflow/python/ops/math_ops.py:3066: to_int32 (from tensorflow.python.ops.math_ops) is deprecated and will be removed in a future version.
Instructions for updating:
Use tf.cast instead.
WARNING:tensorflow:From /usr/local/lib/python3.5/dist-packages/tensorflow/python/ops/math_grad.py:102: div (from tensorflow.python.ops.math_ops) is deprecated and will be removed in a future version.
Instructions for updating:
Deprecated in favor of operator or tf.math.divide.
2019-04-17 05:59:37.118941: W tensorflow/core/distributed_runtime/rpc/grpc_session.cc:354] GrpcSession::ListDevices will initialize the session with an empty graph and other defaults because the session has not yet been created.
WARNING:tensorflow:From /usr/local/lib/python3.5/dist-packages/tensorflow/python/training/saver.py:1266: checkpoint_exists (from tensorflow.python.training.checkpoint_management) is deprecated and will be removed in a future version.
Instructions for updating:
Use standard file APIs to check for files with this prefix.
Using TPU: infer2
learning_rate: 0.008
warmup: 3
weight_decay: 0.0001
*********** I have started the training ***********
*********** I have finished the training ***********

Evaluation results:
	{'global_step': 2910, 'accuracy': 0.8759, 'loss': 590.79614}

WARNING:tensorflow:Estimator's model_fn (<function model_fn at 0x7fd083d0c378>) includes params argument, but params are not passed to Estimator.
2019-04-17 06:02:12.282373: W tensorflow/core/distributed_runtime/rpc/grpc_session.cc:354] GrpcSession::ListDevices will initialize the session with an empty graph and other defaults because the session has not yet been created.
WARNING:tensorflow:From /usr/local/lib/python3.5/dist-packages/tensorflow/python/ops/resource_variable_ops.py:435: colocate_with (from tensorflow.python.framework.ops) is deprecated and will be removed in a future version.
Instructions for updating:
Colocations handled automatically by placer.
WARNING:tensorflow:From /usr/local/lib/python3.5/dist-packages/tensorflow/python/ops/losses/losses_impl.py:209: to_float (from tensorflow.python.ops.math_ops) is deprecated and will be removed in a future version.
Instructions for updating:
Use tf.cast instead.
WARNING:tensorflow:From /usr/local/lib/python3.5/dist-packages/tensorflow/python/ops/math_ops.py:3066: to_int32 (from tensorflow.python.ops.math_ops) is deprecated and will be removed in a future version.
Instructions for updating:
Use tf.cast instead.
WARNING:tensorflow:From /usr/local/lib/python3.5/dist-packages/tensorflow/python/ops/math_grad.py:102: div (from tensorflow.python.ops.math_ops) is deprecated and will be removed in a future version.
Instructions for updating:
Deprecated in favor of operator or tf.math.divide.
2019-04-17 06:02:22.724783: W tensorflow/core/distributed_runtime/rpc/grpc_session.cc:354] GrpcSession::ListDevices will initialize the session with an empty graph and other defaults because the session has not yet been created.
WARNING:tensorflow:From /usr/local/lib/python3.5/dist-packages/tensorflow/python/training/saver.py:1266: checkpoint_exists (from tensorflow.python.training.checkpoint_management) is deprecated and will be removed in a future version.
Instructions for updating:
Use standard file APIs to check for files with this prefix.
Using TPU: infer2
learning_rate: 0.008
warmup: 3
weight_decay: 0.0001
*********** I have started the training ***********
*********** I have finished the training ***********

Evaluation results:
	{'accuracy': 0.8919, 'global_step': 2910, 'loss': 509.59683}

WARNING:tensorflow:Estimator's model_fn (<function model_fn at 0x7f716fd51378>) includes params argument, but params are not passed to Estimator.
2019-04-17 06:05:39.272424: W tensorflow/core/distributed_runtime/rpc/grpc_session.cc:354] GrpcSession::ListDevices will initialize the session with an empty graph and other defaults because the session has not yet been created.
WARNING:tensorflow:From /usr/local/lib/python3.5/dist-packages/tensorflow/python/ops/resource_variable_ops.py:435: colocate_with (from tensorflow.python.framework.ops) is deprecated and will be removed in a future version.
Instructions for updating:
Colocations handled automatically by placer.
WARNING:tensorflow:From /usr/local/lib/python3.5/dist-packages/tensorflow/python/ops/losses/losses_impl.py:209: to_float (from tensorflow.python.ops.math_ops) is deprecated and will be removed in a future version.
Instructions for updating:
Use tf.cast instead.
WARNING:tensorflow:From /usr/local/lib/python3.5/dist-packages/tensorflow/python/ops/math_ops.py:3066: to_int32 (from tensorflow.python.ops.math_ops) is deprecated and will be removed in a future version.
Instructions for updating:
Use tf.cast instead.
WARNING:tensorflow:From /usr/local/lib/python3.5/dist-packages/tensorflow/python/ops/math_grad.py:102: div (from tensorflow.python.ops.math_ops) is deprecated and will be removed in a future version.
Instructions for updating:
Deprecated in favor of operator or tf.math.divide.
2019-04-17 06:05:49.984869: W tensorflow/core/distributed_runtime/rpc/grpc_session.cc:354] GrpcSession::ListDevices will initialize the session with an empty graph and other defaults because the session has not yet been created.
WARNING:tensorflow:From /usr/local/lib/python3.5/dist-packages/tensorflow/python/training/saver.py:1266: checkpoint_exists (from tensorflow.python.training.checkpoint_management) is deprecated and will be removed in a future version.
Instructions for updating:
Use standard file APIs to check for files with this prefix.
Using TPU: infer2
learning_rate: 0.008
warmup: 3
weight_decay: 0.0001
*********** I have started the training ***********
*********** I have finished the training ***********

Evaluation results:
	{'accuracy': 0.8966, 'global_step': 2910, 'loss': 493.23117}

WARNING:tensorflow:Estimator's model_fn (<function model_fn at 0x7f5b638e3378>) includes params argument, but params are not passed to Estimator.
2019-04-17 06:09:07.455687: W tensorflow/core/distributed_runtime/rpc/grpc_session.cc:354] GrpcSession::ListDevices will initialize the session with an empty graph and other defaults because the session has not yet been created.
WARNING:tensorflow:From /usr/local/lib/python3.5/dist-packages/tensorflow/python/ops/resource_variable_ops.py:435: colocate_with (from tensorflow.python.framework.ops) is deprecated and will be removed in a future version.
Instructions for updating:
Colocations handled automatically by placer.
WARNING:tensorflow:From /usr/local/lib/python3.5/dist-packages/tensorflow/python/ops/losses/losses_impl.py:209: to_float (from tensorflow.python.ops.math_ops) is deprecated and will be removed in a future version.
Instructions for updating:
Use tf.cast instead.
WARNING:tensorflow:From /usr/local/lib/python3.5/dist-packages/tensorflow/python/ops/math_ops.py:3066: to_int32 (from tensorflow.python.ops.math_ops) is deprecated and will be removed in a future version.
Instructions for updating:
Use tf.cast instead.
WARNING:tensorflow:From /usr/local/lib/python3.5/dist-packages/tensorflow/python/ops/math_grad.py:102: div (from tensorflow.python.ops.math_ops) is deprecated and will be removed in a future version.
Instructions for updating:
Deprecated in favor of operator or tf.math.divide.
2019-04-17 06:09:18.480101: W tensorflow/core/distributed_runtime/rpc/grpc_session.cc:354] GrpcSession::ListDevices will initialize the session with an empty graph and other defaults because the session has not yet been created.
WARNING:tensorflow:From /usr/local/lib/python3.5/dist-packages/tensorflow/python/training/saver.py:1266: checkpoint_exists (from tensorflow.python.training.checkpoint_management) is deprecated and will be removed in a future version.
Instructions for updating:
Use standard file APIs to check for files with this prefix.
Using TPU: infer2
learning_rate: 0.008
warmup: 3
weight_decay: 0.0001
*********** I have started the training ***********
*********** I have finished the training ***********

Evaluation results:
	{'loss': 528.5256, 'accuracy': 0.8802, 'global_step': 2910}

WARNING:tensorflow:Estimator's model_fn (<function model_fn at 0x7fa2c7db3378>) includes params argument, but params are not passed to Estimator.
2019-04-17 06:12:35.694623: W tensorflow/core/distributed_runtime/rpc/grpc_session.cc:354] GrpcSession::ListDevices will initialize the session with an empty graph and other defaults because the session has not yet been created.
WARNING:tensorflow:From /usr/local/lib/python3.5/dist-packages/tensorflow/python/ops/resource_variable_ops.py:435: colocate_with (from tensorflow.python.framework.ops) is deprecated and will be removed in a future version.
Instructions for updating:
Colocations handled automatically by placer.
WARNING:tensorflow:From /usr/local/lib/python3.5/dist-packages/tensorflow/python/ops/losses/losses_impl.py:209: to_float (from tensorflow.python.ops.math_ops) is deprecated and will be removed in a future version.
Instructions for updating:
Use tf.cast instead.
WARNING:tensorflow:From /usr/local/lib/python3.5/dist-packages/tensorflow/python/ops/math_ops.py:3066: to_int32 (from tensorflow.python.ops.math_ops) is deprecated and will be removed in a future version.
Instructions for updating:
Use tf.cast instead.
WARNING:tensorflow:From /usr/local/lib/python3.5/dist-packages/tensorflow/python/ops/math_grad.py:102: div (from tensorflow.python.ops.math_ops) is deprecated and will be removed in a future version.
Instructions for updating:
Deprecated in favor of operator or tf.math.divide.
2019-04-17 06:12:45.631576: W tensorflow/core/distributed_runtime/rpc/grpc_session.cc:354] GrpcSession::ListDevices will initialize the session with an empty graph and other defaults because the session has not yet been created.
WARNING:tensorflow:From /usr/local/lib/python3.5/dist-packages/tensorflow/python/training/saver.py:1266: checkpoint_exists (from tensorflow.python.training.checkpoint_management) is deprecated and will be removed in a future version.
Instructions for updating:
Use standard file APIs to check for files with this prefix.
Using TPU: infer2
learning_rate: 0.008
warmup: 3
weight_decay: 0.0001
*********** I have started the training ***********
*********** I have finished the training ***********

Evaluation results:
	{'accuracy': 0.8939, 'loss': 445.77542, 'global_step': 2910}

