WARNING:tensorflow:Estimator's model_fn (<function model_fn at 0x7f4e24b17378>) includes params argument, but params are not passed to Estimator.
2019-04-27 01:05:01.352167: W tensorflow/core/distributed_runtime/rpc/grpc_session.cc:354] GrpcSession::ListDevices will initialize the session with an empty graph and other defaults because the session has not yet been created.
WARNING:tensorflow:From /usr/local/lib/python3.5/dist-packages/tensorflow/python/ops/resource_variable_ops.py:435: colocate_with (from tensorflow.python.framework.ops) is deprecated and will be removed in a future version.
Instructions for updating:
Colocations handled automatically by placer.
WARNING:tensorflow:From /usr/local/lib/python3.5/dist-packages/tensorflow/python/ops/losses/losses_impl.py:209: to_float (from tensorflow.python.ops.math_ops) is deprecated and will be removed in a future version.
Instructions for updating:
Use tf.cast instead.
WARNING:tensorflow:From /usr/local/lib/python3.5/dist-packages/tensorflow/python/ops/math_ops.py:3066: to_int32 (from tensorflow.python.ops.math_ops) is deprecated and will be removed in a future version.
Instructions for updating:
Use tf.cast instead.
WARNING:tensorflow:From /usr/local/lib/python3.5/dist-packages/tensorflow/python/ops/math_grad.py:102: div (from tensorflow.python.ops.math_ops) is deprecated and will be removed in a future version.
Instructions for updating:
Deprecated in favor of operator or tf.math.divide.
2019-04-27 01:05:09.764759: W tensorflow/core/distributed_runtime/rpc/grpc_session.cc:354] GrpcSession::ListDevices will initialize the session with an empty graph and other defaults because the session has not yet been created.
WARNING:tensorflow:From /usr/local/lib/python3.5/dist-packages/tensorflow/python/training/saver.py:1266: checkpoint_exists (from tensorflow.python.training.checkpoint_management) is deprecated and will be removed in a future version.
Instructions for updating:
Use standard file APIs to check for files with this prefix.
Using TPU: infer2
learning_rate: 0.0001
warmup: 1
weight_decay: 0.0001
*********** I have started the training ***********
*********** I have finished the training ***********

Evaluation results:
	{'global_step': 2910, 'accuracy': 0.6739, 'loss': 1250.1212}

WARNING:tensorflow:Estimator's model_fn (<function model_fn at 0x7fa2543fa378>) includes params argument, but params are not passed to Estimator.
2019-04-27 01:06:32.464431: W tensorflow/core/distributed_runtime/rpc/grpc_session.cc:354] GrpcSession::ListDevices will initialize the session with an empty graph and other defaults because the session has not yet been created.
WARNING:tensorflow:From /usr/local/lib/python3.5/dist-packages/tensorflow/python/ops/resource_variable_ops.py:435: colocate_with (from tensorflow.python.framework.ops) is deprecated and will be removed in a future version.
Instructions for updating:
Colocations handled automatically by placer.
WARNING:tensorflow:From /usr/local/lib/python3.5/dist-packages/tensorflow/python/ops/losses/losses_impl.py:209: to_float (from tensorflow.python.ops.math_ops) is deprecated and will be removed in a future version.
Instructions for updating:
Use tf.cast instead.
WARNING:tensorflow:From /usr/local/lib/python3.5/dist-packages/tensorflow/python/ops/math_ops.py:3066: to_int32 (from tensorflow.python.ops.math_ops) is deprecated and will be removed in a future version.
Instructions for updating:
Use tf.cast instead.
WARNING:tensorflow:From /usr/local/lib/python3.5/dist-packages/tensorflow/python/ops/math_grad.py:102: div (from tensorflow.python.ops.math_ops) is deprecated and will be removed in a future version.
Instructions for updating:
Deprecated in favor of operator or tf.math.divide.
2019-04-27 01:06:40.465269: W tensorflow/core/distributed_runtime/rpc/grpc_session.cc:354] GrpcSession::ListDevices will initialize the session with an empty graph and other defaults because the session has not yet been created.
WARNING:tensorflow:From /usr/local/lib/python3.5/dist-packages/tensorflow/python/training/saver.py:1266: checkpoint_exists (from tensorflow.python.training.checkpoint_management) is deprecated and will be removed in a future version.
Instructions for updating:
Use standard file APIs to check for files with this prefix.
Using TPU: infer2
learning_rate: 0.0005
warmup: 1
weight_decay: 0.0001
*********** I have started the training ***********
*********** I have finished the training ***********

Evaluation results:
	{'global_step': 2910, 'accuracy': 0.816, 'loss': 682.5489}

WARNING:tensorflow:Estimator's model_fn (<function model_fn at 0x7f18641f3378>) includes params argument, but params are not passed to Estimator.
2019-04-27 01:08:13.191237: W tensorflow/core/distributed_runtime/rpc/grpc_session.cc:354] GrpcSession::ListDevices will initialize the session with an empty graph and other defaults because the session has not yet been created.
WARNING:tensorflow:From /usr/local/lib/python3.5/dist-packages/tensorflow/python/ops/resource_variable_ops.py:435: colocate_with (from tensorflow.python.framework.ops) is deprecated and will be removed in a future version.
Instructions for updating:
Colocations handled automatically by placer.
WARNING:tensorflow:From /usr/local/lib/python3.5/dist-packages/tensorflow/python/ops/losses/losses_impl.py:209: to_float (from tensorflow.python.ops.math_ops) is deprecated and will be removed in a future version.
Instructions for updating:
Use tf.cast instead.
WARNING:tensorflow:From /usr/local/lib/python3.5/dist-packages/tensorflow/python/ops/math_ops.py:3066: to_int32 (from tensorflow.python.ops.math_ops) is deprecated and will be removed in a future version.
Instructions for updating:
Use tf.cast instead.
WARNING:tensorflow:From /usr/local/lib/python3.5/dist-packages/tensorflow/python/ops/math_grad.py:102: div (from tensorflow.python.ops.math_ops) is deprecated and will be removed in a future version.
Instructions for updating:
Deprecated in favor of operator or tf.math.divide.
2019-04-27 01:08:21.394374: W tensorflow/core/distributed_runtime/rpc/grpc_session.cc:354] GrpcSession::ListDevices will initialize the session with an empty graph and other defaults because the session has not yet been created.
WARNING:tensorflow:From /usr/local/lib/python3.5/dist-packages/tensorflow/python/training/saver.py:1266: checkpoint_exists (from tensorflow.python.training.checkpoint_management) is deprecated and will be removed in a future version.
Instructions for updating:
Use standard file APIs to check for files with this prefix.
Using TPU: infer2
learning_rate: 0.001
warmup: 1
weight_decay: 0.0001
*********** I have started the training ***********
*********** I have finished the training ***********

Evaluation results:
	{'loss': 548.9155, 'global_step': 2910, 'accuracy': 0.8434}

WARNING:tensorflow:Estimator's model_fn (<function model_fn at 0x7f1e3eda9378>) includes params argument, but params are not passed to Estimator.
2019-04-27 01:09:54.502252: W tensorflow/core/distributed_runtime/rpc/grpc_session.cc:354] GrpcSession::ListDevices will initialize the session with an empty graph and other defaults because the session has not yet been created.
WARNING:tensorflow:From /usr/local/lib/python3.5/dist-packages/tensorflow/python/ops/resource_variable_ops.py:435: colocate_with (from tensorflow.python.framework.ops) is deprecated and will be removed in a future version.
Instructions for updating:
Colocations handled automatically by placer.
WARNING:tensorflow:From /usr/local/lib/python3.5/dist-packages/tensorflow/python/ops/losses/losses_impl.py:209: to_float (from tensorflow.python.ops.math_ops) is deprecated and will be removed in a future version.
Instructions for updating:
Use tf.cast instead.
WARNING:tensorflow:From /usr/local/lib/python3.5/dist-packages/tensorflow/python/ops/math_ops.py:3066: to_int32 (from tensorflow.python.ops.math_ops) is deprecated and will be removed in a future version.
Instructions for updating:
Use tf.cast instead.
WARNING:tensorflow:From /usr/local/lib/python3.5/dist-packages/tensorflow/python/ops/math_grad.py:102: div (from tensorflow.python.ops.math_ops) is deprecated and will be removed in a future version.
Instructions for updating:
Deprecated in favor of operator or tf.math.divide.
2019-04-27 01:10:02.486224: W tensorflow/core/distributed_runtime/rpc/grpc_session.cc:354] GrpcSession::ListDevices will initialize the session with an empty graph and other defaults because the session has not yet been created.
WARNING:tensorflow:From /usr/local/lib/python3.5/dist-packages/tensorflow/python/training/saver.py:1266: checkpoint_exists (from tensorflow.python.training.checkpoint_management) is deprecated and will be removed in a future version.
Instructions for updating:
Use standard file APIs to check for files with this prefix.
Using TPU: infer2
learning_rate: 0.005
warmup: 1
weight_decay: 0.0001
*********** I have started the training ***********
*********** I have finished the training ***********

Evaluation results:
	{'accuracy': 0.8748, 'global_step': 2910, 'loss': 470.53284}

WARNING:tensorflow:Estimator's model_fn (<function model_fn at 0x7f033d84f378>) includes params argument, but params are not passed to Estimator.
2019-04-27 01:11:36.353497: W tensorflow/core/distributed_runtime/rpc/grpc_session.cc:354] GrpcSession::ListDevices will initialize the session with an empty graph and other defaults because the session has not yet been created.
WARNING:tensorflow:From /usr/local/lib/python3.5/dist-packages/tensorflow/python/ops/resource_variable_ops.py:435: colocate_with (from tensorflow.python.framework.ops) is deprecated and will be removed in a future version.
Instructions for updating:
Colocations handled automatically by placer.
WARNING:tensorflow:From /usr/local/lib/python3.5/dist-packages/tensorflow/python/ops/losses/losses_impl.py:209: to_float (from tensorflow.python.ops.math_ops) is deprecated and will be removed in a future version.
Instructions for updating:
Use tf.cast instead.
WARNING:tensorflow:From /usr/local/lib/python3.5/dist-packages/tensorflow/python/ops/math_ops.py:3066: to_int32 (from tensorflow.python.ops.math_ops) is deprecated and will be removed in a future version.
Instructions for updating:
Use tf.cast instead.
WARNING:tensorflow:From /usr/local/lib/python3.5/dist-packages/tensorflow/python/ops/math_grad.py:102: div (from tensorflow.python.ops.math_ops) is deprecated and will be removed in a future version.
Instructions for updating:
Deprecated in favor of operator or tf.math.divide.
2019-04-27 01:11:44.332251: W tensorflow/core/distributed_runtime/rpc/grpc_session.cc:354] GrpcSession::ListDevices will initialize the session with an empty graph and other defaults because the session has not yet been created.
WARNING:tensorflow:From /usr/local/lib/python3.5/dist-packages/tensorflow/python/training/saver.py:1266: checkpoint_exists (from tensorflow.python.training.checkpoint_management) is deprecated and will be removed in a future version.
Instructions for updating:
Use standard file APIs to check for files with this prefix.
Using TPU: infer2
learning_rate: 0.01
warmup: 1
weight_decay: 0.0001
*********** I have started the training ***********
*********** I have finished the training ***********

Evaluation results:
	{'loss': 375.129, 'accuracy': 0.902, 'global_step': 2910}

WARNING:tensorflow:Estimator's model_fn (<function model_fn at 0x7fa2c0d42378>) includes params argument, but params are not passed to Estimator.
2019-04-27 01:13:18.354164: W tensorflow/core/distributed_runtime/rpc/grpc_session.cc:354] GrpcSession::ListDevices will initialize the session with an empty graph and other defaults because the session has not yet been created.
WARNING:tensorflow:From /usr/local/lib/python3.5/dist-packages/tensorflow/python/ops/resource_variable_ops.py:435: colocate_with (from tensorflow.python.framework.ops) is deprecated and will be removed in a future version.
Instructions for updating:
Colocations handled automatically by placer.
WARNING:tensorflow:From /usr/local/lib/python3.5/dist-packages/tensorflow/python/ops/losses/losses_impl.py:209: to_float (from tensorflow.python.ops.math_ops) is deprecated and will be removed in a future version.
Instructions for updating:
Use tf.cast instead.
WARNING:tensorflow:From /usr/local/lib/python3.5/dist-packages/tensorflow/python/ops/math_ops.py:3066: to_int32 (from tensorflow.python.ops.math_ops) is deprecated and will be removed in a future version.
Instructions for updating:
Use tf.cast instead.
WARNING:tensorflow:From /usr/local/lib/python3.5/dist-packages/tensorflow/python/ops/math_grad.py:102: div (from tensorflow.python.ops.math_ops) is deprecated and will be removed in a future version.
Instructions for updating:
Deprecated in favor of operator or tf.math.divide.
2019-04-27 01:13:26.331417: W tensorflow/core/distributed_runtime/rpc/grpc_session.cc:354] GrpcSession::ListDevices will initialize the session with an empty graph and other defaults because the session has not yet been created.
WARNING:tensorflow:From /usr/local/lib/python3.5/dist-packages/tensorflow/python/training/saver.py:1266: checkpoint_exists (from tensorflow.python.training.checkpoint_management) is deprecated and will be removed in a future version.
Instructions for updating:
Use standard file APIs to check for files with this prefix.
Using TPU: infer2
learning_rate: 0.05
warmup: 1
weight_decay: 0.0001
*********** I have started the training ***********
*********** I have finished the training ***********

Evaluation results:
	{'accuracy': 0.8923, 'loss': 432.08594, 'global_step': 2910}

WARNING:tensorflow:Estimator's model_fn (<function model_fn at 0x7f6346ec5378>) includes params argument, but params are not passed to Estimator.
2019-04-27 01:15:01.265332: W tensorflow/core/distributed_runtime/rpc/grpc_session.cc:354] GrpcSession::ListDevices will initialize the session with an empty graph and other defaults because the session has not yet been created.
WARNING:tensorflow:From /usr/local/lib/python3.5/dist-packages/tensorflow/python/ops/resource_variable_ops.py:435: colocate_with (from tensorflow.python.framework.ops) is deprecated and will be removed in a future version.
Instructions for updating:
Colocations handled automatically by placer.
WARNING:tensorflow:From /usr/local/lib/python3.5/dist-packages/tensorflow/python/ops/losses/losses_impl.py:209: to_float (from tensorflow.python.ops.math_ops) is deprecated and will be removed in a future version.
Instructions for updating:
Use tf.cast instead.
WARNING:tensorflow:From /usr/local/lib/python3.5/dist-packages/tensorflow/python/ops/math_ops.py:3066: to_int32 (from tensorflow.python.ops.math_ops) is deprecated and will be removed in a future version.
Instructions for updating:
Use tf.cast instead.
WARNING:tensorflow:From /usr/local/lib/python3.5/dist-packages/tensorflow/python/ops/math_grad.py:102: div (from tensorflow.python.ops.math_ops) is deprecated and will be removed in a future version.
Instructions for updating:
Deprecated in favor of operator or tf.math.divide.
2019-04-27 01:15:09.137958: W tensorflow/core/distributed_runtime/rpc/grpc_session.cc:354] GrpcSession::ListDevices will initialize the session with an empty graph and other defaults because the session has not yet been created.
WARNING:tensorflow:From /usr/local/lib/python3.5/dist-packages/tensorflow/python/training/saver.py:1266: checkpoint_exists (from tensorflow.python.training.checkpoint_management) is deprecated and will be removed in a future version.
Instructions for updating:
Use standard file APIs to check for files with this prefix.
Using TPU: infer2
learning_rate: 0.1
warmup: 1
weight_decay: 0.0001
*********** I have started the training ***********
*********** I have finished the training ***********

Evaluation results:
	{'loss': 471.05014, 'global_step': 2910, 'accuracy': 0.8888}

WARNING:tensorflow:Estimator's model_fn (<function model_fn at 0x7fc3217ca378>) includes params argument, but params are not passed to Estimator.
2019-04-27 01:16:42.476418: W tensorflow/core/distributed_runtime/rpc/grpc_session.cc:354] GrpcSession::ListDevices will initialize the session with an empty graph and other defaults because the session has not yet been created.
WARNING:tensorflow:From /usr/local/lib/python3.5/dist-packages/tensorflow/python/ops/resource_variable_ops.py:435: colocate_with (from tensorflow.python.framework.ops) is deprecated and will be removed in a future version.
Instructions for updating:
Colocations handled automatically by placer.
WARNING:tensorflow:From /usr/local/lib/python3.5/dist-packages/tensorflow/python/ops/losses/losses_impl.py:209: to_float (from tensorflow.python.ops.math_ops) is deprecated and will be removed in a future version.
Instructions for updating:
Use tf.cast instead.
WARNING:tensorflow:From /usr/local/lib/python3.5/dist-packages/tensorflow/python/ops/math_ops.py:3066: to_int32 (from tensorflow.python.ops.math_ops) is deprecated and will be removed in a future version.
Instructions for updating:
Use tf.cast instead.
WARNING:tensorflow:From /usr/local/lib/python3.5/dist-packages/tensorflow/python/ops/math_grad.py:102: div (from tensorflow.python.ops.math_ops) is deprecated and will be removed in a future version.
Instructions for updating:
Deprecated in favor of operator or tf.math.divide.
2019-04-27 01:16:50.518989: W tensorflow/core/distributed_runtime/rpc/grpc_session.cc:354] GrpcSession::ListDevices will initialize the session with an empty graph and other defaults because the session has not yet been created.
WARNING:tensorflow:From /usr/local/lib/python3.5/dist-packages/tensorflow/python/training/saver.py:1266: checkpoint_exists (from tensorflow.python.training.checkpoint_management) is deprecated and will be removed in a future version.
Instructions for updating:
Use standard file APIs to check for files with this prefix.
Using TPU: infer2
learning_rate: 0.5
warmup: 1
weight_decay: 0.0001
*********** I have started the training ***********
*********** I have finished the training ***********

Evaluation results:
	{'loss': 631.21356, 'accuracy': 0.8365, 'global_step': 2910}

WARNING:tensorflow:Estimator's model_fn (<function model_fn at 0x7f7c7204f378>) includes params argument, but params are not passed to Estimator.
2019-04-27 01:18:25.638719: W tensorflow/core/distributed_runtime/rpc/grpc_session.cc:354] GrpcSession::ListDevices will initialize the session with an empty graph and other defaults because the session has not yet been created.
WARNING:tensorflow:From /usr/local/lib/python3.5/dist-packages/tensorflow/python/ops/resource_variable_ops.py:435: colocate_with (from tensorflow.python.framework.ops) is deprecated and will be removed in a future version.
Instructions for updating:
Colocations handled automatically by placer.
WARNING:tensorflow:From /usr/local/lib/python3.5/dist-packages/tensorflow/python/ops/losses/losses_impl.py:209: to_float (from tensorflow.python.ops.math_ops) is deprecated and will be removed in a future version.
Instructions for updating:
Use tf.cast instead.
WARNING:tensorflow:From /usr/local/lib/python3.5/dist-packages/tensorflow/python/ops/math_ops.py:3066: to_int32 (from tensorflow.python.ops.math_ops) is deprecated and will be removed in a future version.
Instructions for updating:
Use tf.cast instead.
WARNING:tensorflow:From /usr/local/lib/python3.5/dist-packages/tensorflow/python/ops/math_grad.py:102: div (from tensorflow.python.ops.math_ops) is deprecated and will be removed in a future version.
Instructions for updating:
Deprecated in favor of operator or tf.math.divide.
2019-04-27 01:18:33.631205: W tensorflow/core/distributed_runtime/rpc/grpc_session.cc:354] GrpcSession::ListDevices will initialize the session with an empty graph and other defaults because the session has not yet been created.
WARNING:tensorflow:From /usr/local/lib/python3.5/dist-packages/tensorflow/python/training/saver.py:1266: checkpoint_exists (from tensorflow.python.training.checkpoint_management) is deprecated and will be removed in a future version.
Instructions for updating:
Use standard file APIs to check for files with this prefix.
Using TPU: infer2
learning_rate: 1.0
warmup: 1
weight_decay: 0.0001
*********** I have started the training ***********
*********** I have finished the training ***********

Evaluation results:
	{'accuracy': 0.8012, 'global_step': 2910, 'loss': 721.3394}

WARNING:tensorflow:Estimator's model_fn (<function model_fn at 0x7f258fbb9378>) includes params argument, but params are not passed to Estimator.
2019-04-27 01:20:07.760350: W tensorflow/core/distributed_runtime/rpc/grpc_session.cc:354] GrpcSession::ListDevices will initialize the session with an empty graph and other defaults because the session has not yet been created.
WARNING:tensorflow:From /usr/local/lib/python3.5/dist-packages/tensorflow/python/ops/resource_variable_ops.py:435: colocate_with (from tensorflow.python.framework.ops) is deprecated and will be removed in a future version.
Instructions for updating:
Colocations handled automatically by placer.
WARNING:tensorflow:From /usr/local/lib/python3.5/dist-packages/tensorflow/python/ops/losses/losses_impl.py:209: to_float (from tensorflow.python.ops.math_ops) is deprecated and will be removed in a future version.
Instructions for updating:
Use tf.cast instead.
WARNING:tensorflow:From /usr/local/lib/python3.5/dist-packages/tensorflow/python/ops/math_ops.py:3066: to_int32 (from tensorflow.python.ops.math_ops) is deprecated and will be removed in a future version.
Instructions for updating:
Use tf.cast instead.
WARNING:tensorflow:From /usr/local/lib/python3.5/dist-packages/tensorflow/python/ops/math_grad.py:102: div (from tensorflow.python.ops.math_ops) is deprecated and will be removed in a future version.
Instructions for updating:
Deprecated in favor of operator or tf.math.divide.
2019-04-27 01:20:15.834889: W tensorflow/core/distributed_runtime/rpc/grpc_session.cc:354] GrpcSession::ListDevices will initialize the session with an empty graph and other defaults because the session has not yet been created.
WARNING:tensorflow:From /usr/local/lib/python3.5/dist-packages/tensorflow/python/training/saver.py:1266: checkpoint_exists (from tensorflow.python.training.checkpoint_management) is deprecated and will be removed in a future version.
Instructions for updating:
Use standard file APIs to check for files with this prefix.
Using TPU: infer2
learning_rate: 2.0
warmup: 1
weight_decay: 0.0001
*********** I have started the training ***********
*********** I have finished the training ***********

Evaluation results:
	{'global_step': 2910, 'loss': 965.17584, 'accuracy': 0.7268}

WARNING:tensorflow:Estimator's model_fn (<function model_fn at 0x7f9f66e72378>) includes params argument, but params are not passed to Estimator.
2019-04-27 01:21:50.873550: W tensorflow/core/distributed_runtime/rpc/grpc_session.cc:354] GrpcSession::ListDevices will initialize the session with an empty graph and other defaults because the session has not yet been created.
WARNING:tensorflow:From /usr/local/lib/python3.5/dist-packages/tensorflow/python/ops/resource_variable_ops.py:435: colocate_with (from tensorflow.python.framework.ops) is deprecated and will be removed in a future version.
Instructions for updating:
Colocations handled automatically by placer.
WARNING:tensorflow:From /usr/local/lib/python3.5/dist-packages/tensorflow/python/ops/losses/losses_impl.py:209: to_float (from tensorflow.python.ops.math_ops) is deprecated and will be removed in a future version.
Instructions for updating:
Use tf.cast instead.
WARNING:tensorflow:From /usr/local/lib/python3.5/dist-packages/tensorflow/python/ops/math_ops.py:3066: to_int32 (from tensorflow.python.ops.math_ops) is deprecated and will be removed in a future version.
Instructions for updating:
Use tf.cast instead.
WARNING:tensorflow:From /usr/local/lib/python3.5/dist-packages/tensorflow/python/ops/math_grad.py:102: div (from tensorflow.python.ops.math_ops) is deprecated and will be removed in a future version.
Instructions for updating:
Deprecated in favor of operator or tf.math.divide.
2019-04-27 01:21:59.072189: W tensorflow/core/distributed_runtime/rpc/grpc_session.cc:354] GrpcSession::ListDevices will initialize the session with an empty graph and other defaults because the session has not yet been created.
WARNING:tensorflow:From /usr/local/lib/python3.5/dist-packages/tensorflow/python/training/saver.py:1266: checkpoint_exists (from tensorflow.python.training.checkpoint_management) is deprecated and will be removed in a future version.
Instructions for updating:
Use standard file APIs to check for files with this prefix.
Using TPU: infer2
learning_rate: 4.0
warmup: 1
weight_decay: 0.0001
*********** I have started the training ***********
*********** I have finished the training ***********

Evaluation results:
	{'accuracy': 0.104, 'global_step': 2910, 'loss': 2568.697}

WARNING:tensorflow:Estimator's model_fn (<function model_fn at 0x7f36efe93378>) includes params argument, but params are not passed to Estimator.
2019-04-27 01:27:14.529317: W tensorflow/core/distributed_runtime/rpc/grpc_session.cc:354] GrpcSession::ListDevices will initialize the session with an empty graph and other defaults because the session has not yet been created.
WARNING:tensorflow:From /usr/local/lib/python3.5/dist-packages/tensorflow/python/ops/resource_variable_ops.py:435: colocate_with (from tensorflow.python.framework.ops) is deprecated and will be removed in a future version.
Instructions for updating:
Colocations handled automatically by placer.
WARNING:tensorflow:From /usr/local/lib/python3.5/dist-packages/tensorflow/python/ops/losses/losses_impl.py:209: to_float (from tensorflow.python.ops.math_ops) is deprecated and will be removed in a future version.
Instructions for updating:
Use tf.cast instead.
WARNING:tensorflow:From /usr/local/lib/python3.5/dist-packages/tensorflow/python/ops/math_ops.py:3066: to_int32 (from tensorflow.python.ops.math_ops) is deprecated and will be removed in a future version.
Instructions for updating:
Use tf.cast instead.
WARNING:tensorflow:From /usr/local/lib/python3.5/dist-packages/tensorflow/python/ops/math_grad.py:102: div (from tensorflow.python.ops.math_ops) is deprecated and will be removed in a future version.
Instructions for updating:
Deprecated in favor of operator or tf.math.divide.
2019-04-27 01:27:22.547315: W tensorflow/core/distributed_runtime/rpc/grpc_session.cc:354] GrpcSession::ListDevices will initialize the session with an empty graph and other defaults because the session has not yet been created.
WARNING:tensorflow:From /usr/local/lib/python3.5/dist-packages/tensorflow/python/training/saver.py:1266: checkpoint_exists (from tensorflow.python.training.checkpoint_management) is deprecated and will be removed in a future version.
Instructions for updating:
Use standard file APIs to check for files with this prefix.
Using TPU: infer2
learning_rate: 0.006
warmup: 1
weight_decay: 0.0001
*********** I have started the training ***********
*********** I have finished the training ***********

Evaluation results:
	{'global_step': 2910, 'loss': 428.20874, 'accuracy': 0.8885}

WARNING:tensorflow:Estimator's model_fn (<function model_fn at 0x7f9eb1f2a378>) includes params argument, but params are not passed to Estimator.
2019-04-27 01:28:44.841005: W tensorflow/core/distributed_runtime/rpc/grpc_session.cc:354] GrpcSession::ListDevices will initialize the session with an empty graph and other defaults because the session has not yet been created.
WARNING:tensorflow:From /usr/local/lib/python3.5/dist-packages/tensorflow/python/ops/resource_variable_ops.py:435: colocate_with (from tensorflow.python.framework.ops) is deprecated and will be removed in a future version.
Instructions for updating:
Colocations handled automatically by placer.
WARNING:tensorflow:From /usr/local/lib/python3.5/dist-packages/tensorflow/python/ops/losses/losses_impl.py:209: to_float (from tensorflow.python.ops.math_ops) is deprecated and will be removed in a future version.
Instructions for updating:
Use tf.cast instead.
WARNING:tensorflow:From /usr/local/lib/python3.5/dist-packages/tensorflow/python/ops/math_ops.py:3066: to_int32 (from tensorflow.python.ops.math_ops) is deprecated and will be removed in a future version.
Instructions for updating:
Use tf.cast instead.
WARNING:tensorflow:From /usr/local/lib/python3.5/dist-packages/tensorflow/python/ops/math_grad.py:102: div (from tensorflow.python.ops.math_ops) is deprecated and will be removed in a future version.
Instructions for updating:
Deprecated in favor of operator or tf.math.divide.
2019-04-27 01:28:52.948990: W tensorflow/core/distributed_runtime/rpc/grpc_session.cc:354] GrpcSession::ListDevices will initialize the session with an empty graph and other defaults because the session has not yet been created.
WARNING:tensorflow:From /usr/local/lib/python3.5/dist-packages/tensorflow/python/training/saver.py:1266: checkpoint_exists (from tensorflow.python.training.checkpoint_management) is deprecated and will be removed in a future version.
Instructions for updating:
Use standard file APIs to check for files with this prefix.
Using TPU: infer2
learning_rate: 0.007
warmup: 1
weight_decay: 0.0001
*********** I have started the training ***********
*********** I have finished the training ***********

Evaluation results:
	{'accuracy': 0.8815, 'global_step': 2910, 'loss': 423.62885}

WARNING:tensorflow:Estimator's model_fn (<function model_fn at 0x7f47bdc60378>) includes params argument, but params are not passed to Estimator.
2019-04-27 01:30:25.146388: W tensorflow/core/distributed_runtime/rpc/grpc_session.cc:354] GrpcSession::ListDevices will initialize the session with an empty graph and other defaults because the session has not yet been created.
WARNING:tensorflow:From /usr/local/lib/python3.5/dist-packages/tensorflow/python/ops/resource_variable_ops.py:435: colocate_with (from tensorflow.python.framework.ops) is deprecated and will be removed in a future version.
Instructions for updating:
Colocations handled automatically by placer.
WARNING:tensorflow:From /usr/local/lib/python3.5/dist-packages/tensorflow/python/ops/losses/losses_impl.py:209: to_float (from tensorflow.python.ops.math_ops) is deprecated and will be removed in a future version.
Instructions for updating:
Use tf.cast instead.
WARNING:tensorflow:From /usr/local/lib/python3.5/dist-packages/tensorflow/python/ops/math_ops.py:3066: to_int32 (from tensorflow.python.ops.math_ops) is deprecated and will be removed in a future version.
Instructions for updating:
Use tf.cast instead.
WARNING:tensorflow:From /usr/local/lib/python3.5/dist-packages/tensorflow/python/ops/math_grad.py:102: div (from tensorflow.python.ops.math_ops) is deprecated and will be removed in a future version.
Instructions for updating:
Deprecated in favor of operator or tf.math.divide.
2019-04-27 01:30:32.941474: W tensorflow/core/distributed_runtime/rpc/grpc_session.cc:354] GrpcSession::ListDevices will initialize the session with an empty graph and other defaults because the session has not yet been created.
WARNING:tensorflow:From /usr/local/lib/python3.5/dist-packages/tensorflow/python/training/saver.py:1266: checkpoint_exists (from tensorflow.python.training.checkpoint_management) is deprecated and will be removed in a future version.
Instructions for updating:
Use standard file APIs to check for files with this prefix.
Using TPU: infer2
learning_rate: 0.008
warmup: 1
weight_decay: 0.0001
*********** I have started the training ***********
*********** I have finished the training ***********

Evaluation results:
	{'accuracy': 0.8922, 'global_step': 2910, 'loss': 391.35815}

WARNING:tensorflow:Estimator's model_fn (<function model_fn at 0x7fd5d181b378>) includes params argument, but params are not passed to Estimator.
2019-04-27 01:32:06.853724: W tensorflow/core/distributed_runtime/rpc/grpc_session.cc:354] GrpcSession::ListDevices will initialize the session with an empty graph and other defaults because the session has not yet been created.
WARNING:tensorflow:From /usr/local/lib/python3.5/dist-packages/tensorflow/python/ops/resource_variable_ops.py:435: colocate_with (from tensorflow.python.framework.ops) is deprecated and will be removed in a future version.
Instructions for updating:
Colocations handled automatically by placer.
WARNING:tensorflow:From /usr/local/lib/python3.5/dist-packages/tensorflow/python/ops/losses/losses_impl.py:209: to_float (from tensorflow.python.ops.math_ops) is deprecated and will be removed in a future version.
Instructions for updating:
Use tf.cast instead.
WARNING:tensorflow:From /usr/local/lib/python3.5/dist-packages/tensorflow/python/ops/math_ops.py:3066: to_int32 (from tensorflow.python.ops.math_ops) is deprecated and will be removed in a future version.
Instructions for updating:
Use tf.cast instead.
WARNING:tensorflow:From /usr/local/lib/python3.5/dist-packages/tensorflow/python/ops/math_grad.py:102: div (from tensorflow.python.ops.math_ops) is deprecated and will be removed in a future version.
Instructions for updating:
Deprecated in favor of operator or tf.math.divide.
2019-04-27 01:32:14.834797: W tensorflow/core/distributed_runtime/rpc/grpc_session.cc:354] GrpcSession::ListDevices will initialize the session with an empty graph and other defaults because the session has not yet been created.
WARNING:tensorflow:From /usr/local/lib/python3.5/dist-packages/tensorflow/python/training/saver.py:1266: checkpoint_exists (from tensorflow.python.training.checkpoint_management) is deprecated and will be removed in a future version.
Instructions for updating:
Use standard file APIs to check for files with this prefix.
Using TPU: infer2
learning_rate: 0.009
warmup: 1
weight_decay: 0.0001
*********** I have started the training ***********
*********** I have finished the training ***********

Evaluation results:
	{'loss': 349.657, 'accuracy': 0.8995, 'global_step': 2910}

WARNING:tensorflow:Estimator's model_fn (<function model_fn at 0x7fac2f58a378>) includes params argument, but params are not passed to Estimator.
2019-04-27 01:33:49.534561: W tensorflow/core/distributed_runtime/rpc/grpc_session.cc:354] GrpcSession::ListDevices will initialize the session with an empty graph and other defaults because the session has not yet been created.
WARNING:tensorflow:From /usr/local/lib/python3.5/dist-packages/tensorflow/python/ops/resource_variable_ops.py:435: colocate_with (from tensorflow.python.framework.ops) is deprecated and will be removed in a future version.
Instructions for updating:
Colocations handled automatically by placer.
WARNING:tensorflow:From /usr/local/lib/python3.5/dist-packages/tensorflow/python/ops/losses/losses_impl.py:209: to_float (from tensorflow.python.ops.math_ops) is deprecated and will be removed in a future version.
Instructions for updating:
Use tf.cast instead.
WARNING:tensorflow:From /usr/local/lib/python3.5/dist-packages/tensorflow/python/ops/math_ops.py:3066: to_int32 (from tensorflow.python.ops.math_ops) is deprecated and will be removed in a future version.
Instructions for updating:
Use tf.cast instead.
WARNING:tensorflow:From /usr/local/lib/python3.5/dist-packages/tensorflow/python/ops/math_grad.py:102: div (from tensorflow.python.ops.math_ops) is deprecated and will be removed in a future version.
Instructions for updating:
Deprecated in favor of operator or tf.math.divide.
2019-04-27 01:33:57.421289: W tensorflow/core/distributed_runtime/rpc/grpc_session.cc:354] GrpcSession::ListDevices will initialize the session with an empty graph and other defaults because the session has not yet been created.
WARNING:tensorflow:From /usr/local/lib/python3.5/dist-packages/tensorflow/python/training/saver.py:1266: checkpoint_exists (from tensorflow.python.training.checkpoint_management) is deprecated and will be removed in a future version.
Instructions for updating:
Use standard file APIs to check for files with this prefix.
Using TPU: infer2
learning_rate: 0.011
warmup: 1
weight_decay: 0.0001
*********** I have started the training ***********
*********** I have finished the training ***********

Evaluation results:
	{'global_step': 2910, 'accuracy': 0.8807, 'loss': 438.81436}

WARNING:tensorflow:Estimator's model_fn (<function model_fn at 0x7ffb5d451378>) includes params argument, but params are not passed to Estimator.
2019-04-27 01:35:32.418079: W tensorflow/core/distributed_runtime/rpc/grpc_session.cc:354] GrpcSession::ListDevices will initialize the session with an empty graph and other defaults because the session has not yet been created.
WARNING:tensorflow:From /usr/local/lib/python3.5/dist-packages/tensorflow/python/ops/resource_variable_ops.py:435: colocate_with (from tensorflow.python.framework.ops) is deprecated and will be removed in a future version.
Instructions for updating:
Colocations handled automatically by placer.
WARNING:tensorflow:From /usr/local/lib/python3.5/dist-packages/tensorflow/python/ops/losses/losses_impl.py:209: to_float (from tensorflow.python.ops.math_ops) is deprecated and will be removed in a future version.
Instructions for updating:
Use tf.cast instead.
WARNING:tensorflow:From /usr/local/lib/python3.5/dist-packages/tensorflow/python/ops/math_ops.py:3066: to_int32 (from tensorflow.python.ops.math_ops) is deprecated and will be removed in a future version.
Instructions for updating:
Use tf.cast instead.
WARNING:tensorflow:From /usr/local/lib/python3.5/dist-packages/tensorflow/python/ops/math_grad.py:102: div (from tensorflow.python.ops.math_ops) is deprecated and will be removed in a future version.
Instructions for updating:
Deprecated in favor of operator or tf.math.divide.
2019-04-27 01:35:40.476328: W tensorflow/core/distributed_runtime/rpc/grpc_session.cc:354] GrpcSession::ListDevices will initialize the session with an empty graph and other defaults because the session has not yet been created.
WARNING:tensorflow:From /usr/local/lib/python3.5/dist-packages/tensorflow/python/training/saver.py:1266: checkpoint_exists (from tensorflow.python.training.checkpoint_management) is deprecated and will be removed in a future version.
Instructions for updating:
Use standard file APIs to check for files with this prefix.
Using TPU: infer2
learning_rate: 0.012
warmup: 1
weight_decay: 0.0001
*********** I have started the training ***********
*********** I have finished the training ***********

Evaluation results:
	{'loss': 380.22626, 'accuracy': 0.8954, 'global_step': 2910}

WARNING:tensorflow:Estimator's model_fn (<function model_fn at 0x7fc0342f3378>) includes params argument, but params are not passed to Estimator.
2019-04-27 01:37:14.474979: W tensorflow/core/distributed_runtime/rpc/grpc_session.cc:354] GrpcSession::ListDevices will initialize the session with an empty graph and other defaults because the session has not yet been created.
WARNING:tensorflow:From /usr/local/lib/python3.5/dist-packages/tensorflow/python/ops/resource_variable_ops.py:435: colocate_with (from tensorflow.python.framework.ops) is deprecated and will be removed in a future version.
Instructions for updating:
Colocations handled automatically by placer.
WARNING:tensorflow:From /usr/local/lib/python3.5/dist-packages/tensorflow/python/ops/losses/losses_impl.py:209: to_float (from tensorflow.python.ops.math_ops) is deprecated and will be removed in a future version.
Instructions for updating:
Use tf.cast instead.
WARNING:tensorflow:From /usr/local/lib/python3.5/dist-packages/tensorflow/python/ops/math_ops.py:3066: to_int32 (from tensorflow.python.ops.math_ops) is deprecated and will be removed in a future version.
Instructions for updating:
Use tf.cast instead.
WARNING:tensorflow:From /usr/local/lib/python3.5/dist-packages/tensorflow/python/ops/math_grad.py:102: div (from tensorflow.python.ops.math_ops) is deprecated and will be removed in a future version.
Instructions for updating:
Deprecated in favor of operator or tf.math.divide.
2019-04-27 01:37:22.767858: W tensorflow/core/distributed_runtime/rpc/grpc_session.cc:354] GrpcSession::ListDevices will initialize the session with an empty graph and other defaults because the session has not yet been created.
WARNING:tensorflow:From /usr/local/lib/python3.5/dist-packages/tensorflow/python/training/saver.py:1266: checkpoint_exists (from tensorflow.python.training.checkpoint_management) is deprecated and will be removed in a future version.
Instructions for updating:
Use standard file APIs to check for files with this prefix.
Using TPU: infer2
learning_rate: 0.013
warmup: 1
weight_decay: 0.0001
*********** I have started the training ***********
*********** I have finished the training ***********

Evaluation results:
	{'accuracy': 0.9044, 'global_step': 2910, 'loss': 340.4712}

WARNING:tensorflow:Estimator's model_fn (<function model_fn at 0x7f49ddf43378>) includes params argument, but params are not passed to Estimator.
2019-04-27 01:39:55.522389: W tensorflow/core/distributed_runtime/rpc/grpc_session.cc:354] GrpcSession::ListDevices will initialize the session with an empty graph and other defaults because the session has not yet been created.
WARNING:tensorflow:From /usr/local/lib/python3.5/dist-packages/tensorflow/python/ops/resource_variable_ops.py:435: colocate_with (from tensorflow.python.framework.ops) is deprecated and will be removed in a future version.
Instructions for updating:
Colocations handled automatically by placer.
WARNING:tensorflow:From /usr/local/lib/python3.5/dist-packages/tensorflow/python/ops/losses/losses_impl.py:209: to_float (from tensorflow.python.ops.math_ops) is deprecated and will be removed in a future version.
Instructions for updating:
Use tf.cast instead.
WARNING:tensorflow:From /usr/local/lib/python3.5/dist-packages/tensorflow/python/ops/math_ops.py:3066: to_int32 (from tensorflow.python.ops.math_ops) is deprecated and will be removed in a future version.
Instructions for updating:
Use tf.cast instead.
WARNING:tensorflow:From /usr/local/lib/python3.5/dist-packages/tensorflow/python/ops/math_grad.py:102: div (from tensorflow.python.ops.math_ops) is deprecated and will be removed in a future version.
Instructions for updating:
Deprecated in favor of operator or tf.math.divide.
2019-04-27 01:40:03.609435: W tensorflow/core/distributed_runtime/rpc/grpc_session.cc:354] GrpcSession::ListDevices will initialize the session with an empty graph and other defaults because the session has not yet been created.
WARNING:tensorflow:From /usr/local/lib/python3.5/dist-packages/tensorflow/python/training/saver.py:1266: checkpoint_exists (from tensorflow.python.training.checkpoint_management) is deprecated and will be removed in a future version.
Instructions for updating:
Use standard file APIs to check for files with this prefix.
Using TPU: infer2
learning_rate: 0.014
warmup: 1
weight_decay: 0.0001
*********** I have started the training ***********
*********** I have finished the training ***********

Evaluation results:
	{'global_step': 2910, 'accuracy': 0.8992, 'loss': 339.58725}

WARNING:tensorflow:Estimator's model_fn (<function model_fn at 0x7fb214f08378>) includes params argument, but params are not passed to Estimator.
2019-04-27 01:43:23.454333: W tensorflow/core/distributed_runtime/rpc/grpc_session.cc:354] GrpcSession::ListDevices will initialize the session with an empty graph and other defaults because the session has not yet been created.
WARNING:tensorflow:From /usr/local/lib/python3.5/dist-packages/tensorflow/python/ops/resource_variable_ops.py:435: colocate_with (from tensorflow.python.framework.ops) is deprecated and will be removed in a future version.
Instructions for updating:
Colocations handled automatically by placer.
WARNING:tensorflow:From /usr/local/lib/python3.5/dist-packages/tensorflow/python/ops/losses/losses_impl.py:209: to_float (from tensorflow.python.ops.math_ops) is deprecated and will be removed in a future version.
Instructions for updating:
Use tf.cast instead.
WARNING:tensorflow:From /usr/local/lib/python3.5/dist-packages/tensorflow/python/ops/math_ops.py:3066: to_int32 (from tensorflow.python.ops.math_ops) is deprecated and will be removed in a future version.
Instructions for updating:
Use tf.cast instead.
WARNING:tensorflow:From /usr/local/lib/python3.5/dist-packages/tensorflow/python/ops/math_grad.py:102: div (from tensorflow.python.ops.math_ops) is deprecated and will be removed in a future version.
Instructions for updating:
Deprecated in favor of operator or tf.math.divide.
2019-04-27 01:43:31.493479: W tensorflow/core/distributed_runtime/rpc/grpc_session.cc:354] GrpcSession::ListDevices will initialize the session with an empty graph and other defaults because the session has not yet been created.
WARNING:tensorflow:From /usr/local/lib/python3.5/dist-packages/tensorflow/python/training/saver.py:1266: checkpoint_exists (from tensorflow.python.training.checkpoint_management) is deprecated and will be removed in a future version.
Instructions for updating:
Use standard file APIs to check for files with this prefix.
Using TPU: infer2
learning_rate: 0.015
warmup: 1
weight_decay: 0.0001
*********** I have started the training ***********
*********** I have finished the training ***********

Evaluation results:
	{'global_step': 2910, 'loss': 419.27716, 'accuracy': 0.8951}

WARNING:tensorflow:Estimator's model_fn (<function model_fn at 0x7fc139322378>) includes params argument, but params are not passed to Estimator.
2019-04-27 01:46:51.548258: W tensorflow/core/distributed_runtime/rpc/grpc_session.cc:354] GrpcSession::ListDevices will initialize the session with an empty graph and other defaults because the session has not yet been created.
WARNING:tensorflow:From /usr/local/lib/python3.5/dist-packages/tensorflow/python/ops/resource_variable_ops.py:435: colocate_with (from tensorflow.python.framework.ops) is deprecated and will be removed in a future version.
Instructions for updating:
Colocations handled automatically by placer.
WARNING:tensorflow:From /usr/local/lib/python3.5/dist-packages/tensorflow/python/ops/losses/losses_impl.py:209: to_float (from tensorflow.python.ops.math_ops) is deprecated and will be removed in a future version.
Instructions for updating:
Use tf.cast instead.
WARNING:tensorflow:From /usr/local/lib/python3.5/dist-packages/tensorflow/python/ops/math_ops.py:3066: to_int32 (from tensorflow.python.ops.math_ops) is deprecated and will be removed in a future version.
Instructions for updating:
Use tf.cast instead.
WARNING:tensorflow:From /usr/local/lib/python3.5/dist-packages/tensorflow/python/ops/math_grad.py:102: div (from tensorflow.python.ops.math_ops) is deprecated and will be removed in a future version.
Instructions for updating:
Deprecated in favor of operator or tf.math.divide.
2019-04-27 01:46:59.494842: W tensorflow/core/distributed_runtime/rpc/grpc_session.cc:354] GrpcSession::ListDevices will initialize the session with an empty graph and other defaults because the session has not yet been created.
WARNING:tensorflow:From /usr/local/lib/python3.5/dist-packages/tensorflow/python/training/saver.py:1266: checkpoint_exists (from tensorflow.python.training.checkpoint_management) is deprecated and will be removed in a future version.
Instructions for updating:
Use standard file APIs to check for files with this prefix.
Using TPU: infer2
learning_rate: 0.02
warmup: 1
weight_decay: 0.0001
*********** I have started the training ***********
*********** I have finished the training ***********

Evaluation results:
	{'global_step': 2910, 'loss': 367.21472, 'accuracy': 0.9012}

WARNING:tensorflow:Estimator's model_fn (<function model_fn at 0x7f735e6a3378>) includes params argument, but params are not passed to Estimator.
2019-04-27 01:50:19.242780: W tensorflow/core/distributed_runtime/rpc/grpc_session.cc:354] GrpcSession::ListDevices will initialize the session with an empty graph and other defaults because the session has not yet been created.
WARNING:tensorflow:From /usr/local/lib/python3.5/dist-packages/tensorflow/python/ops/resource_variable_ops.py:435: colocate_with (from tensorflow.python.framework.ops) is deprecated and will be removed in a future version.
Instructions for updating:
Colocations handled automatically by placer.
WARNING:tensorflow:From /usr/local/lib/python3.5/dist-packages/tensorflow/python/ops/losses/losses_impl.py:209: to_float (from tensorflow.python.ops.math_ops) is deprecated and will be removed in a future version.
Instructions for updating:
Use tf.cast instead.
WARNING:tensorflow:From /usr/local/lib/python3.5/dist-packages/tensorflow/python/ops/math_ops.py:3066: to_int32 (from tensorflow.python.ops.math_ops) is deprecated and will be removed in a future version.
Instructions for updating:
Use tf.cast instead.
WARNING:tensorflow:From /usr/local/lib/python3.5/dist-packages/tensorflow/python/ops/math_grad.py:102: div (from tensorflow.python.ops.math_ops) is deprecated and will be removed in a future version.
Instructions for updating:
Deprecated in favor of operator or tf.math.divide.
2019-04-27 01:50:27.320145: W tensorflow/core/distributed_runtime/rpc/grpc_session.cc:354] GrpcSession::ListDevices will initialize the session with an empty graph and other defaults because the session has not yet been created.
WARNING:tensorflow:From /usr/local/lib/python3.5/dist-packages/tensorflow/python/training/saver.py:1266: checkpoint_exists (from tensorflow.python.training.checkpoint_management) is deprecated and will be removed in a future version.
Instructions for updating:
Use standard file APIs to check for files with this prefix.
Using TPU: infer2
learning_rate: 0.03
warmup: 1
weight_decay: 0.0001
*********** I have started the training ***********
*********** I have finished the training ***********

Evaluation results:
	{'global_step': 2910, 'accuracy': 0.8925, 'loss': 441.51154}

WARNING:tensorflow:Estimator's model_fn (<function model_fn at 0x7f3ce3953378>) includes params argument, but params are not passed to Estimator.
2019-04-27 01:53:47.381912: W tensorflow/core/distributed_runtime/rpc/grpc_session.cc:354] GrpcSession::ListDevices will initialize the session with an empty graph and other defaults because the session has not yet been created.
WARNING:tensorflow:From /usr/local/lib/python3.5/dist-packages/tensorflow/python/ops/resource_variable_ops.py:435: colocate_with (from tensorflow.python.framework.ops) is deprecated and will be removed in a future version.
Instructions for updating:
Colocations handled automatically by placer.
WARNING:tensorflow:From /usr/local/lib/python3.5/dist-packages/tensorflow/python/ops/losses/losses_impl.py:209: to_float (from tensorflow.python.ops.math_ops) is deprecated and will be removed in a future version.
Instructions for updating:
Use tf.cast instead.
WARNING:tensorflow:From /usr/local/lib/python3.5/dist-packages/tensorflow/python/ops/math_ops.py:3066: to_int32 (from tensorflow.python.ops.math_ops) is deprecated and will be removed in a future version.
Instructions for updating:
Use tf.cast instead.
WARNING:tensorflow:From /usr/local/lib/python3.5/dist-packages/tensorflow/python/ops/math_grad.py:102: div (from tensorflow.python.ops.math_ops) is deprecated and will be removed in a future version.
Instructions for updating:
Deprecated in favor of operator or tf.math.divide.
2019-04-27 01:53:55.304327: W tensorflow/core/distributed_runtime/rpc/grpc_session.cc:354] GrpcSession::ListDevices will initialize the session with an empty graph and other defaults because the session has not yet been created.
WARNING:tensorflow:From /usr/local/lib/python3.5/dist-packages/tensorflow/python/training/saver.py:1266: checkpoint_exists (from tensorflow.python.training.checkpoint_management) is deprecated and will be removed in a future version.
Instructions for updating:
Use standard file APIs to check for files with this prefix.
Using TPU: infer2
learning_rate: 0.04
warmup: 1
weight_decay: 0.0001
*********** I have started the training ***********
*********** I have finished the training ***********

Evaluation results:
	{'accuracy': 0.8978, 'global_step': 2910, 'loss': 383.64322}

WARNING:tensorflow:Estimator's model_fn (<function model_fn at 0x7f9cc3bb3378>) includes params argument, but params are not passed to Estimator.
2019-04-27 02:29:21.799693: W tensorflow/core/distributed_runtime/rpc/grpc_session.cc:354] GrpcSession::ListDevices will initialize the session with an empty graph and other defaults because the session has not yet been created.
WARNING:tensorflow:From /usr/local/lib/python3.5/dist-packages/tensorflow/python/ops/resource_variable_ops.py:435: colocate_with (from tensorflow.python.framework.ops) is deprecated and will be removed in a future version.
Instructions for updating:
Colocations handled automatically by placer.
WARNING:tensorflow:From /usr/local/lib/python3.5/dist-packages/tensorflow/python/ops/losses/losses_impl.py:209: to_float (from tensorflow.python.ops.math_ops) is deprecated and will be removed in a future version.
Instructions for updating:
Use tf.cast instead.
WARNING:tensorflow:From /usr/local/lib/python3.5/dist-packages/tensorflow/python/ops/math_ops.py:3066: to_int32 (from tensorflow.python.ops.math_ops) is deprecated and will be removed in a future version.
Instructions for updating:
Use tf.cast instead.
WARNING:tensorflow:From /usr/local/lib/python3.5/dist-packages/tensorflow/python/ops/math_grad.py:102: div (from tensorflow.python.ops.math_ops) is deprecated and will be removed in a future version.
Instructions for updating:
Deprecated in favor of operator or tf.math.divide.
2019-04-27 02:29:30.163666: W tensorflow/core/distributed_runtime/rpc/grpc_session.cc:354] GrpcSession::ListDevices will initialize the session with an empty graph and other defaults because the session has not yet been created.
WARNING:tensorflow:From /usr/local/lib/python3.5/dist-packages/tensorflow/python/training/saver.py:1266: checkpoint_exists (from tensorflow.python.training.checkpoint_management) is deprecated and will be removed in a future version.
Instructions for updating:
Use standard file APIs to check for files with this prefix.
Using TPU: infer2
learning_rate: 0.013
warmup: 1
weight_decay: 0.0001
*********** I have started the training ***********
*********** I have finished the training ***********

Evaluation results:
	{'loss': 393.43835, 'accuracy': 0.8901, 'global_step': 2910}

WARNING:tensorflow:Estimator's model_fn (<function model_fn at 0x7f4f4a627378>) includes params argument, but params are not passed to Estimator.
2019-04-27 02:30:54.066201: W tensorflow/core/distributed_runtime/rpc/grpc_session.cc:354] GrpcSession::ListDevices will initialize the session with an empty graph and other defaults because the session has not yet been created.
WARNING:tensorflow:From /usr/local/lib/python3.5/dist-packages/tensorflow/python/ops/resource_variable_ops.py:435: colocate_with (from tensorflow.python.framework.ops) is deprecated and will be removed in a future version.
Instructions for updating:
Colocations handled automatically by placer.
WARNING:tensorflow:From /usr/local/lib/python3.5/dist-packages/tensorflow/python/ops/losses/losses_impl.py:209: to_float (from tensorflow.python.ops.math_ops) is deprecated and will be removed in a future version.
Instructions for updating:
Use tf.cast instead.
WARNING:tensorflow:From /usr/local/lib/python3.5/dist-packages/tensorflow/python/ops/math_ops.py:3066: to_int32 (from tensorflow.python.ops.math_ops) is deprecated and will be removed in a future version.
Instructions for updating:
Use tf.cast instead.
WARNING:tensorflow:From /usr/local/lib/python3.5/dist-packages/tensorflow/python/ops/math_grad.py:102: div (from tensorflow.python.ops.math_ops) is deprecated and will be removed in a future version.
Instructions for updating:
Deprecated in favor of operator or tf.math.divide.
2019-04-27 02:31:02.448752: W tensorflow/core/distributed_runtime/rpc/grpc_session.cc:354] GrpcSession::ListDevices will initialize the session with an empty graph and other defaults because the session has not yet been created.
WARNING:tensorflow:From /usr/local/lib/python3.5/dist-packages/tensorflow/python/training/saver.py:1266: checkpoint_exists (from tensorflow.python.training.checkpoint_management) is deprecated and will be removed in a future version.
Instructions for updating:
Use standard file APIs to check for files with this prefix.
Using TPU: infer2
learning_rate: 0.013
warmup: 1
weight_decay: 0.0001
*********** I have started the training ***********
*********** I have finished the training ***********

Evaluation results:
	{'accuracy': 0.9003, 'loss': 378.2242, 'global_step': 2910}

WARNING:tensorflow:Estimator's model_fn (<function model_fn at 0x7ff3c2a5d378>) includes params argument, but params are not passed to Estimator.
2019-04-27 02:32:34.852663: W tensorflow/core/distributed_runtime/rpc/grpc_session.cc:354] GrpcSession::ListDevices will initialize the session with an empty graph and other defaults because the session has not yet been created.
WARNING:tensorflow:From /usr/local/lib/python3.5/dist-packages/tensorflow/python/ops/resource_variable_ops.py:435: colocate_with (from tensorflow.python.framework.ops) is deprecated and will be removed in a future version.
Instructions for updating:
Colocations handled automatically by placer.
WARNING:tensorflow:From /usr/local/lib/python3.5/dist-packages/tensorflow/python/ops/losses/losses_impl.py:209: to_float (from tensorflow.python.ops.math_ops) is deprecated and will be removed in a future version.
Instructions for updating:
Use tf.cast instead.
WARNING:tensorflow:From /usr/local/lib/python3.5/dist-packages/tensorflow/python/ops/math_ops.py:3066: to_int32 (from tensorflow.python.ops.math_ops) is deprecated and will be removed in a future version.
Instructions for updating:
Use tf.cast instead.
WARNING:tensorflow:From /usr/local/lib/python3.5/dist-packages/tensorflow/python/ops/math_grad.py:102: div (from tensorflow.python.ops.math_ops) is deprecated and will be removed in a future version.
Instructions for updating:
Deprecated in favor of operator or tf.math.divide.
2019-04-27 02:32:42.901369: W tensorflow/core/distributed_runtime/rpc/grpc_session.cc:354] GrpcSession::ListDevices will initialize the session with an empty graph and other defaults because the session has not yet been created.
WARNING:tensorflow:From /usr/local/lib/python3.5/dist-packages/tensorflow/python/training/saver.py:1266: checkpoint_exists (from tensorflow.python.training.checkpoint_management) is deprecated and will be removed in a future version.
Instructions for updating:
Use standard file APIs to check for files with this prefix.
Using TPU: infer2
learning_rate: 0.013
warmup: 1
weight_decay: 0.0001
*********** I have started the training ***********
*********** I have finished the training ***********

Evaluation results:
	{'loss': 407.3412, 'accuracy': 0.897, 'global_step': 2910}

WARNING:tensorflow:Estimator's model_fn (<function model_fn at 0x7fa2dd572378>) includes params argument, but params are not passed to Estimator.
2019-04-27 02:34:18.023901: W tensorflow/core/distributed_runtime/rpc/grpc_session.cc:354] GrpcSession::ListDevices will initialize the session with an empty graph and other defaults because the session has not yet been created.
WARNING:tensorflow:From /usr/local/lib/python3.5/dist-packages/tensorflow/python/ops/resource_variable_ops.py:435: colocate_with (from tensorflow.python.framework.ops) is deprecated and will be removed in a future version.
Instructions for updating:
Colocations handled automatically by placer.
WARNING:tensorflow:From /usr/local/lib/python3.5/dist-packages/tensorflow/python/ops/losses/losses_impl.py:209: to_float (from tensorflow.python.ops.math_ops) is deprecated and will be removed in a future version.
Instructions for updating:
Use tf.cast instead.
WARNING:tensorflow:From /usr/local/lib/python3.5/dist-packages/tensorflow/python/ops/math_ops.py:3066: to_int32 (from tensorflow.python.ops.math_ops) is deprecated and will be removed in a future version.
Instructions for updating:
Use tf.cast instead.
WARNING:tensorflow:From /usr/local/lib/python3.5/dist-packages/tensorflow/python/ops/math_grad.py:102: div (from tensorflow.python.ops.math_ops) is deprecated and will be removed in a future version.
Instructions for updating:
Deprecated in favor of operator or tf.math.divide.
2019-04-27 02:34:26.654795: W tensorflow/core/distributed_runtime/rpc/grpc_session.cc:354] GrpcSession::ListDevices will initialize the session with an empty graph and other defaults because the session has not yet been created.
WARNING:tensorflow:From /usr/local/lib/python3.5/dist-packages/tensorflow/python/training/saver.py:1266: checkpoint_exists (from tensorflow.python.training.checkpoint_management) is deprecated and will be removed in a future version.
Instructions for updating:
Use standard file APIs to check for files with this prefix.
Using TPU: infer2
learning_rate: 0.013
warmup: 1
weight_decay: 0.0001
*********** I have started the training ***********
*********** I have finished the training ***********

Evaluation results:
	{'accuracy': 0.8973, 'global_step': 2910, 'loss': 381.22617}

WARNING:tensorflow:Estimator's model_fn (<function model_fn at 0x7f4d4c804378>) includes params argument, but params are not passed to Estimator.
2019-04-27 02:36:00.023154: W tensorflow/core/distributed_runtime/rpc/grpc_session.cc:354] GrpcSession::ListDevices will initialize the session with an empty graph and other defaults because the session has not yet been created.
WARNING:tensorflow:From /usr/local/lib/python3.5/dist-packages/tensorflow/python/ops/resource_variable_ops.py:435: colocate_with (from tensorflow.python.framework.ops) is deprecated and will be removed in a future version.
Instructions for updating:
Colocations handled automatically by placer.
WARNING:tensorflow:From /usr/local/lib/python3.5/dist-packages/tensorflow/python/ops/losses/losses_impl.py:209: to_float (from tensorflow.python.ops.math_ops) is deprecated and will be removed in a future version.
Instructions for updating:
Use tf.cast instead.
WARNING:tensorflow:From /usr/local/lib/python3.5/dist-packages/tensorflow/python/ops/math_ops.py:3066: to_int32 (from tensorflow.python.ops.math_ops) is deprecated and will be removed in a future version.
Instructions for updating:
Use tf.cast instead.
WARNING:tensorflow:From /usr/local/lib/python3.5/dist-packages/tensorflow/python/ops/math_grad.py:102: div (from tensorflow.python.ops.math_ops) is deprecated and will be removed in a future version.
Instructions for updating:
Deprecated in favor of operator or tf.math.divide.
2019-04-27 02:36:08.159625: W tensorflow/core/distributed_runtime/rpc/grpc_session.cc:354] GrpcSession::ListDevices will initialize the session with an empty graph and other defaults because the session has not yet been created.
WARNING:tensorflow:From /usr/local/lib/python3.5/dist-packages/tensorflow/python/training/saver.py:1266: checkpoint_exists (from tensorflow.python.training.checkpoint_management) is deprecated and will be removed in a future version.
Instructions for updating:
Use standard file APIs to check for files with this prefix.
Using TPU: infer2
learning_rate: 0.013
warmup: 1
weight_decay: 0.0001
*********** I have started the training ***********
*********** I have finished the training ***********

Evaluation results:
	{'accuracy': 0.8929, 'loss': 391.33792, 'global_step': 2910}

WARNING:tensorflow:Estimator's model_fn (<function model_fn at 0x7f73103c6378>) includes params argument, but params are not passed to Estimator.
2019-04-27 02:37:42.460846: W tensorflow/core/distributed_runtime/rpc/grpc_session.cc:354] GrpcSession::ListDevices will initialize the session with an empty graph and other defaults because the session has not yet been created.
WARNING:tensorflow:From /usr/local/lib/python3.5/dist-packages/tensorflow/python/ops/resource_variable_ops.py:435: colocate_with (from tensorflow.python.framework.ops) is deprecated and will be removed in a future version.
Instructions for updating:
Colocations handled automatically by placer.
WARNING:tensorflow:From /usr/local/lib/python3.5/dist-packages/tensorflow/python/ops/losses/losses_impl.py:209: to_float (from tensorflow.python.ops.math_ops) is deprecated and will be removed in a future version.
Instructions for updating:
Use tf.cast instead.
WARNING:tensorflow:From /usr/local/lib/python3.5/dist-packages/tensorflow/python/ops/math_ops.py:3066: to_int32 (from tensorflow.python.ops.math_ops) is deprecated and will be removed in a future version.
Instructions for updating:
Use tf.cast instead.
WARNING:tensorflow:From /usr/local/lib/python3.5/dist-packages/tensorflow/python/ops/math_grad.py:102: div (from tensorflow.python.ops.math_ops) is deprecated and will be removed in a future version.
Instructions for updating:
Deprecated in favor of operator or tf.math.divide.
2019-04-27 02:37:50.707670: W tensorflow/core/distributed_runtime/rpc/grpc_session.cc:354] GrpcSession::ListDevices will initialize the session with an empty graph and other defaults because the session has not yet been created.
WARNING:tensorflow:From /usr/local/lib/python3.5/dist-packages/tensorflow/python/training/saver.py:1266: checkpoint_exists (from tensorflow.python.training.checkpoint_management) is deprecated and will be removed in a future version.
Instructions for updating:
Use standard file APIs to check for files with this prefix.
Using TPU: infer2
learning_rate: 0.013
warmup: 1
weight_decay: 0.0001
*********** I have started the training ***********
*********** I have finished the training ***********

Evaluation results:
	{'accuracy': 0.9041, 'global_step': 2910, 'loss': 336.51355}

