weight_decay 0.1, learning_rate 5.0
CommandException: 1 files/objects could not be removed.
WARNING:tensorflow:Estimator's model_fn (<function get_clf_model_func.<locals>.model_func at 0x7fcb268f5a60>) includes params argument, but params are not passed to Estimator.
2019-05-02 18:25:32.155883: W tensorflow/core/distributed_runtime/rpc/grpc_session.cc:354] GrpcSession::ListDevices will initialize the session with an empty graph and other defaults because the session has not yet been created.
WARNING:tensorflow:From /usr/local/lib/python3.5/dist-packages/tensorflow/python/ops/resource_variable_ops.py:435: colocate_with (from tensorflow.python.framework.ops) is deprecated and will be removed in a future version.
Instructions for updating:
Colocations handled automatically by placer.
WARNING:tensorflow:From /usr/local/lib/python3.5/dist-packages/tensorflow/python/ops/losses/losses_impl.py:209: to_float (from tensorflow.python.ops.math_ops) is deprecated and will be removed in a future version.
Instructions for updating:
Use tf.cast instead.
WARNING:tensorflow:From /usr/local/lib/python3.5/dist-packages/tensorflow/python/ops/math_ops.py:3066: to_int32 (from tensorflow.python.ops.math_ops) is deprecated and will be removed in a future version.
Instructions for updating:
Use tf.cast instead.
WARNING:tensorflow:From /usr/local/lib/python3.5/dist-packages/tensorflow/python/ops/math_grad.py:102: div (from tensorflow.python.ops.math_ops) is deprecated and will be removed in a future version.
Instructions for updating:
Deprecated in favor of operator or tf.math.divide.
WARNING:tensorflow:From /usr/local/lib/python3.5/dist-packages/tensorflow/python/training/saver.py:1266: checkpoint_exists (from tensorflow.python.training.checkpoint_management) is deprecated and will be removed in a future version.
Instructions for updating:
Use standard file APIs to check for files with this prefix.
WARNING:tensorflow:From /usr/local/lib/python3.5/dist-packages/tensorflow/python/training/saver.py:1070: get_checkpoint_mtimes (from tensorflow.python.training.checkpoint_management) is deprecated and will be removed in a future version.
Instructions for updating:
Use standard file utilities to get mtimes.
2019-05-02 18:25:45.438306: W tensorflow/core/distributed_runtime/rpc/grpc_session.cc:354] GrpcSession::ListDevices will initialize the session with an empty graph and other defaults because the session has not yet been created.

Evaluation results:
	{'accuracy': 0.93125, 'loss': 171.33582, 'global_step': 2328}

weight_decay 0.1, learning_rate 6.0
CommandException: 1 files/objects could not be removed.
WARNING:tensorflow:Estimator's model_fn (<function get_clf_model_func.<locals>.model_func at 0x7f7bd9bf8a60>) includes params argument, but params are not passed to Estimator.
2019-05-02 18:28:15.379622: W tensorflow/core/distributed_runtime/rpc/grpc_session.cc:354] GrpcSession::ListDevices will initialize the session with an empty graph and other defaults because the session has not yet been created.
WARNING:tensorflow:From /usr/local/lib/python3.5/dist-packages/tensorflow/python/ops/resource_variable_ops.py:435: colocate_with (from tensorflow.python.framework.ops) is deprecated and will be removed in a future version.
Instructions for updating:
Colocations handled automatically by placer.
WARNING:tensorflow:From /usr/local/lib/python3.5/dist-packages/tensorflow/python/ops/losses/losses_impl.py:209: to_float (from tensorflow.python.ops.math_ops) is deprecated and will be removed in a future version.
Instructions for updating:
Use tf.cast instead.
WARNING:tensorflow:From /usr/local/lib/python3.5/dist-packages/tensorflow/python/ops/math_ops.py:3066: to_int32 (from tensorflow.python.ops.math_ops) is deprecated and will be removed in a future version.
Instructions for updating:
Use tf.cast instead.
WARNING:tensorflow:From /usr/local/lib/python3.5/dist-packages/tensorflow/python/ops/math_grad.py:102: div (from tensorflow.python.ops.math_ops) is deprecated and will be removed in a future version.
Instructions for updating:
Deprecated in favor of operator or tf.math.divide.
2019-05-02 18:28:27.571821: W tensorflow/core/distributed_runtime/rpc/grpc_session.cc:354] GrpcSession::ListDevices will initialize the session with an empty graph and other defaults because the session has not yet been created.
